{"C:\\Users\\Dibey\\Documents\\Code projects\\form-builder\\src\\components\\ui\\button.tsx": {"path":"C:\\Users\\Dibey\\Documents\\Code projects\\form-builder\\src\\components\\ui\\button.tsx","statementMap":{"0":{"start":{"line":7,"column":6},"end":{"line":34,"column":null}},"1":{"start":{"line":41,"column":15},"end":{"line":52,"column":null}},"2":{"start":{"line":43,"column":17},"end":{"line":43,"column":null}},"3":{"start":{"line":44,"column":4},"end":{"line":49,"column":null}},"4":{"start":{"line":53,"column":0},"end":{"line":53,"column":null}}},"fnMap":{"0":{"name":"(anonymous_0)","decl":{"start":{"line":41,"column":21},"end":{"line":41,"column":null}},"loc":{"start":{"line":42,"column":68},"end":{"line":51,"column":null}},"line":42}},"branchMap":{"0":{"loc":{"start":{"line":42,"column":31},"end":{"line":42,"column":48}},"type":"default-arg","locations":[{"start":{"line":42,"column":41},"end":{"line":42,"column":48}}],"line":42},"1":{"loc":{"start":{"line":43,"column":17},"end":{"line":43,"column":null}},"type":"cond-expr","locations":[{"start":{"line":43,"column":27},"end":{"line":43,"column":34}},{"start":{"line":43,"column":34},"end":{"line":43,"column":null}}],"line":43}},"s":{"0":1,"1":1,"2":9,"3":9,"4":1},"f":{"0":9},"b":{"0":[9],"1":[0,9]},"meta":{"lastBranch":2,"lastFunction":1,"lastStatement":5,"seen":{"s:7:6:34:Infinity":0,"s:41:15:52:Infinity":1,"f:41:21:41:Infinity":0,"b:42:41:42:48":0,"s:43:17:43:Infinity":2,"b:43:27:43:34:43:34:43:Infinity":1,"s:44:4:49:Infinity":3,"s:53:0:53:Infinity":4},"fnNames":{}}}
,"C:\\Users\\Dibey\\Documents\\Code projects\\form-builder\\src\\context\\InheritanceProvider.tsx": {"path":"C:\\Users\\Dibey\\Documents\\Code projects\\form-builder\\src\\context\\InheritanceProvider.tsx","statementMap":{"0":{"start":{"line":8,"column":6},"end":{"line":8,"column":null}},"1":{"start":{"line":10,"column":13},"end":{"line":16,"column":null}},"2":{"start":{"line":11,"column":10},"end":{"line":11,"column":null}},"3":{"start":{"line":12,"column":4},"end":{"line":14,"column":null}},"4":{"start":{"line":13,"column":8},"end":{"line":13,"column":null}},"5":{"start":{"line":15,"column":4},"end":{"line":15,"column":null}},"6":{"start":{"line":24,"column":13},"end":{"line":30,"column":null}},"7":{"start":{"line":25,"column":4},"end":{"line":28,"column":null}}},"fnMap":{"0":{"name":"(anonymous_0)","decl":{"start":{"line":10,"column":13},"end":{"line":10,"column":43}},"loc":{"start":{"line":10,"column":43},"end":{"line":16,"column":null}},"line":10},"1":{"name":"(anonymous_1)","decl":{"start":{"line":24,"column":13},"end":{"line":24,"column":36}},"loc":{"start":{"line":24,"column":104},"end":{"line":30,"column":null}},"line":24}},"branchMap":{"0":{"loc":{"start":{"line":12,"column":4},"end":{"line":14,"column":null}},"type":"if","locations":[{"start":{"line":12,"column":4},"end":{"line":14,"column":null}},{"start":{},"end":{}}],"line":12}},"s":{"0":1,"1":1,"2":0,"3":0,"4":0,"5":0,"6":1,"7":2},"f":{"0":0,"1":2},"b":{"0":[0,0]},"meta":{"lastBranch":1,"lastFunction":2,"lastStatement":8,"seen":{"s:8:6:8:Infinity":0,"s:10:13:16:Infinity":1,"f:10:13:10:43":0,"s:11:10:11:Infinity":2,"b:12:4:14:Infinity:undefined:undefined:undefined:undefined":0,"s:12:4:14:Infinity":3,"s:13:8:13:Infinity":4,"s:15:4:15:Infinity":5,"s:24:13:30:Infinity":6,"f:24:13:24:36":1,"s:25:4:28:Infinity":7},"fnNames":{}}}
,"C:\\Users\\Dibey\\Documents\\Code projects\\form-builder\\src\\lib\\utils.ts": {"path":"C:\\Users\\Dibey\\Documents\\Code projects\\form-builder\\src\\lib\\utils.ts","statementMap":{"0":{"start":{"line":5,"column":2},"end":{"line":5,"column":null}},"1":{"start":{"line":12,"column":2},"end":{"line":14,"column":null}},"2":{"start":{"line":13,"column":4},"end":{"line":13,"column":null}},"3":{"start":{"line":13,"column":46},"end":{"line":13,"column":48}},"4":{"start":{"line":16,"column":2},"end":{"line":16,"column":null}},"5":{"start":{"line":23,"column":2},"end":{"line":26,"column":null}},"6":{"start":{"line":33,"column":2},"end":{"line":35,"column":null}},"7":{"start":{"line":34,"column":4},"end":{"line":34,"column":null}},"8":{"start":{"line":34,"column":36},"end":{"line":34,"column":56}},"9":{"start":{"line":41,"column":13},"end":{"line":43,"column":null}},"10":{"start":{"line":42,"column":2},"end":{"line":42,"column":null}},"11":{"start":{"line":48,"column":13},"end":{"line":54,"column":null}},"12":{"start":{"line":49,"column":2},"end":{"line":51,"column":null}},"13":{"start":{"line":50,"column":4},"end":{"line":50,"column":null}},"14":{"start":{"line":50,"column":31},"end":{"line":50,"column":45}},"15":{"start":{"line":53,"column":2},"end":{"line":53,"column":null}}},"fnMap":{"0":{"name":"cn","decl":{"start":{"line":4,"column":16},"end":{"line":4,"column":19}},"loc":{"start":{"line":4,"column":44},"end":{"line":6,"column":null}},"line":4},"1":{"name":"cleanSplit","decl":{"start":{"line":11,"column":16},"end":{"line":11,"column":27}},"loc":{"start":{"line":11,"column":85},"end":{"line":17,"column":null}},"line":11},"2":{"name":"(anonymous_2)","decl":{"start":{"line":13,"column":33},"end":{"line":13,"column":40}},"loc":{"start":{"line":13,"column":46},"end":{"line":13,"column":48}},"line":13},"3":{"name":"getBasePath","decl":{"start":{"line":22,"column":16},"end":{"line":22,"column":28}},"loc":{"start":{"line":22,"column":46},"end":{"line":27,"column":null}},"line":22},"4":{"name":"getUniqueByKey","decl":{"start":{"line":32,"column":16},"end":{"line":32,"column":66}},"loc":{"start":{"line":32,"column":91},"end":{"line":36,"column":1}},"line":32},"5":{"name":"(anonymous_5)","decl":{"start":{"line":33,"column":15},"end":{"line":33,"column":23}},"loc":{"start":{"line":34,"column":4},"end":{"line":34,"column":null}},"line":34},"6":{"name":"(anonymous_6)","decl":{"start":{"line":34,"column":19},"end":{"line":34,"column":30}},"loc":{"start":{"line":34,"column":36},"end":{"line":34,"column":56}},"line":34},"7":{"name":"(anonymous_7)","decl":{"start":{"line":41,"column":13},"end":{"line":41,"column":29}},"loc":{"start":{"line":41,"column":47},"end":{"line":43,"column":null}},"line":41},"8":{"name":"(anonymous_8)","decl":{"start":{"line":48,"column":13},"end":{"line":48,"column":35}},"loc":{"start":{"line":48,"column":72},"end":{"line":54,"column":null}},"line":48},"9":{"name":"(anonymous_9)","decl":{"start":{"line":50,"column":17},"end":{"line":50,"column":22}},"loc":{"start":{"line":50,"column":31},"end":{"line":50,"column":45}},"line":50}},"branchMap":{"0":{"loc":{"start":{"line":12,"column":2},"end":{"line":14,"column":null}},"type":"if","locations":[{"start":{"line":12,"column":2},"end":{"line":14,"column":null}},{"start":{},"end":{}}],"line":12},"1":{"loc":{"start":{"line":49,"column":2},"end":{"line":51,"column":null}},"type":"if","locations":[{"start":{"line":49,"column":2},"end":{"line":51,"column":null}},{"start":{},"end":{}}],"line":49}},"s":{"0":9,"1":0,"2":0,"3":0,"4":0,"5":0,"6":0,"7":0,"8":0,"9":1,"10":0,"11":1,"12":0,"13":0,"14":0,"15":0},"f":{"0":9,"1":0,"2":0,"3":0,"4":0,"5":0,"6":0,"7":0,"8":0,"9":0},"b":{"0":[0,0],"1":[0,0]},"meta":{"lastBranch":2,"lastFunction":10,"lastStatement":16,"seen":{"f:4:16:4:19":0,"s:5:2:5:Infinity":0,"f:11:16:11:27":1,"b:12:2:14:Infinity:undefined:undefined:undefined:undefined":0,"s:12:2:14:Infinity":1,"s:13:4:13:Infinity":2,"f:13:33:13:40":2,"s:13:46:13:48":3,"s:16:2:16:Infinity":4,"f:22:16:22:28":3,"s:23:2:26:Infinity":5,"f:32:16:32:66":4,"s:33:2:35:Infinity":6,"f:33:15:33:23":5,"s:34:4:34:Infinity":7,"f:34:19:34:30":6,"s:34:36:34:56":8,"s:41:13:43:Infinity":9,"f:41:13:41:29":7,"s:42:2:42:Infinity":10,"s:48:13:54:Infinity":11,"f:48:13:48:35":8,"b:49:2:51:Infinity:undefined:undefined:undefined:undefined":1,"s:49:2:51:Infinity":12,"s:50:4:50:Infinity":13,"f:50:17:50:22":9,"s:50:31:50:45":14,"s:53:2:53:Infinity":15},"fnNames":{}}}
,"C:\\Users\\Dibey\\Documents\\Code projects\\form-builder\\src\\locales\\en\\translation.json": {"path":"C:\\Users\\Dibey\\Documents\\Code projects\\form-builder\\src\\locales\\en\\translation.json","statementMap":{"0":{"start":{"line":1,"column":22},"end":{"line":1,"column":151}},"1":{"start":{"line":2,"column":22},"end":{"line":2,"column":248}},"2":{"start":{"line":3,"column":26},"end":{"line":3,"column":172}},"3":{"start":{"line":4,"column":20},"end":{"line":4,"column":230}},"4":{"start":{"line":5,"column":26},"end":{"line":5,"column":1989}}},"fnMap":{},"branchMap":{},"s":{"0":8,"1":8,"2":8,"3":8,"4":8},"f":{},"b":{},"meta":{"lastBranch":0,"lastFunction":0,"lastStatement":5,"seen":{"s:1:22:1:151":0,"s:2:22:2:248":1,"s:3:26:3:172":2,"s:4:20:4:230":3,"s:5:26:5:1989":4},"fnNames":{}}}
,"C:\\Users\\Dibey\\Documents\\Code projects\\form-builder\\src\\playground\\components\\FieldPalette\\FieldPalette.tsx": {"path":"C:\\Users\\Dibey\\Documents\\Code projects\\form-builder\\src\\playground\\components\\FieldPalette\\FieldPalette.tsx","statementMap":{"0":{"start":{"line":11,"column":4},"end":{"line":12,"column":null}},"1":{"start":{"line":14,"column":2},"end":{"line":14,"column":null}},"2":{"start":{"line":14,"column":19},"end":{"line":14,"column":null}},"3":{"start":{"line":16,"column":2},"end":{"line":26,"column":null}}},"fnMap":{"0":{"name":"FieldPalette","decl":{"start":{"line":5,"column":16},"end":{"line":5,"column":31}},"loc":{"start":{"line":5,"column":31},"end":{"line":28,"column":null}},"line":5}},"branchMap":{"0":{"loc":{"start":{"line":14,"column":2},"end":{"line":14,"column":null}},"type":"if","locations":[{"start":{"line":14,"column":2},"end":{"line":14,"column":null}},{"start":{},"end":{}}],"line":14}},"s":{"0":5,"1":5,"2":1,"3":4},"f":{"0":5},"b":{"0":[1,4]},"meta":{"lastBranch":1,"lastFunction":1,"lastStatement":4,"seen":{"f:5:16:5:31":0,"s:11:4:12:Infinity":0,"b:14:2:14:Infinity:undefined:undefined:undefined:undefined":0,"s:14:2:14:Infinity":1,"s:14:19:14:Infinity":2,"s:16:2:26:Infinity":3},"fnNames":{}}}
,"C:\\Users\\Dibey\\Documents\\Code projects\\form-builder\\src\\playground\\components\\FieldPalette\\FieldSection.tsx": {"path":"C:\\Users\\Dibey\\Documents\\Code projects\\form-builder\\src\\playground\\components\\FieldPalette\\FieldSection.tsx","statementMap":{"0":{"start":{"line":16,"column":11},"end":{"line":19,"column":null}},"1":{"start":{"line":21,"column":4},"end":{"line":45,"column":null}},"2":{"start":{"line":33,"column":20},"end":{"line":42,"column":null}},"3":{"start":{"line":38,"column":39},"end":{"line":41,"column":null}}},"fnMap":{"0":{"name":"FieldsSection","decl":{"start":{"line":14,"column":16},"end":{"line":14,"column":30}},"loc":{"start":{"line":14,"column":66},"end":{"line":47,"column":null}},"line":14},"1":{"name":"(anonymous_1)","decl":{"start":{"line":32,"column":34},"end":{"line":32,"column":39}},"loc":{"start":{"line":33,"column":20},"end":{"line":42,"column":null}},"line":33},"2":{"name":"(anonymous_2)","decl":{"start":{"line":38,"column":24},"end":{"line":38,"column":39}},"loc":{"start":{"line":38,"column":39},"end":{"line":41,"column":null}},"line":38}},"branchMap":{},"s":{"0":4,"1":4,"2":36,"3":1},"f":{"0":4,"1":36,"2":1},"b":{},"meta":{"lastBranch":0,"lastFunction":3,"lastStatement":4,"seen":{"f:14:16:14:30":0,"s:16:11:19:Infinity":0,"s:21:4:45:Infinity":1,"f:32:34:32:39":1,"s:33:20:42:Infinity":2,"f:38:24:38:39":2,"s:38:39:41:Infinity":3},"fnNames":{}}}
,"C:\\Users\\Dibey\\Documents\\Code projects\\form-builder\\src\\playground\\components\\FieldPalette\\LayoutSection.tsx": {"path":"C:\\Users\\Dibey\\Documents\\Code projects\\form-builder\\src\\playground\\components\\FieldPalette\\LayoutSection.tsx","statementMap":{"0":{"start":{"line":17,"column":15},"end":{"line":20,"column":null}},"1":{"start":{"line":22,"column":4},"end":{"line":46,"column":null}}},"fnMap":{"0":{"name":"LayoutSection","decl":{"start":{"line":11,"column":16},"end":{"line":11,"column":30}},"loc":{"start":{"line":15,"column":23},"end":{"line":48,"column":null}},"line":15}},"branchMap":{},"s":{"0":4,"1":4},"f":{"0":4},"b":{},"meta":{"lastBranch":0,"lastFunction":1,"lastStatement":2,"seen":{"f:11:16:11:30":0,"s:17:15:20:Infinity":0,"s:22:4:46:Infinity":1},"fnNames":{}}}
,"C:\\Users\\Dibey\\Documents\\Code projects\\form-builder\\src\\playground\\components\\FieldPalette\\PaletteItem.tsx": {"path":"C:\\Users\\Dibey\\Documents\\Code projects\\form-builder\\src\\playground\\components\\FieldPalette\\PaletteItem.tsx","statementMap":{"0":{"start":{"line":16,"column":4},"end":{"line":17,"column":null}},"1":{"start":{"line":19,"column":25},"end":{"line":19,"column":null}},"2":{"start":{"line":20,"column":23},"end":{"line":20,"column":null}},"3":{"start":{"line":22,"column":2},"end":{"line":34,"column":null}}},"fnMap":{"0":{"name":"PaletteItem","decl":{"start":{"line":13,"column":16},"end":{"line":13,"column":28}},"loc":{"start":{"line":13,"column":88},"end":{"line":36,"column":null}},"line":13}},"branchMap":{"0":{"loc":{"start":{"line":27,"column":158},"end":{"line":27,"column":199}},"type":"cond-expr","locations":[{"start":{"line":27,"column":169},"end":{"line":27,"column":186}},{"start":{"line":27,"column":186},"end":{"line":27,"column":199}}],"line":27},"1":{"loc":{"start":{"line":27,"column":202},"end":{"line":27,"column":null}},"type":"cond-expr","locations":[{"start":{"line":27,"column":215},"end":{"line":27,"column":285}},{"start":{"line":27,"column":285},"end":{"line":27,"column":null}}],"line":27},"2":{"loc":{"start":{"line":30,"column":56},"end":{"line":30,"column":130}},"type":"cond-expr","locations":[{"start":{"line":30,"column":67},"end":{"line":30,"column":93}},{"start":{"line":30,"column":93},"end":{"line":30,"column":130}}],"line":30},"3":{"loc":{"start":{"line":33,"column":48},"end":{"line":33,"column":137}},"type":"cond-expr","locations":[{"start":{"line":33,"column":59},"end":{"line":33,"column":88}},{"start":{"line":33,"column":88},"end":{"line":33,"column":137}}],"line":33}},"s":{"0":44,"1":44,"2":44,"3":44},"f":{"0":44},"b":{"0":[2,42],"1":[0,44],"2":[2,42],"3":[2,42]},"meta":{"lastBranch":4,"lastFunction":1,"lastStatement":4,"seen":{"f:13:16:13:28":0,"s:16:4:17:Infinity":0,"s:19:25:19:Infinity":1,"s:20:23:20:Infinity":2,"s:22:2:34:Infinity":3,"b:27:169:27:186:27:186:27:199":0,"b:27:215:27:285:27:285:27:Infinity":1,"b:30:67:30:93:30:93:30:130":2,"b:33:59:33:88:33:88:33:137":3},"fnNames":{}}}
,"C:\\Users\\Dibey\\Documents\\Code projects\\form-builder\\src\\playground\\components\\FormCanvas\\EmptyCanvasPlaceholder.tsx": {"path":"C:\\Users\\Dibey\\Documents\\Code projects\\form-builder\\src\\playground\\components\\FormCanvas\\EmptyCanvasPlaceholder.tsx","statementMap":{"0":{"start":{"line":5,"column":15},"end":{"line":7,"column":null}},"1":{"start":{"line":9,"column":4},"end":{"line":18,"column":null}}},"fnMap":{"0":{"name":"EmptyCanvasPlaceholder","decl":{"start":{"line":4,"column":16},"end":{"line":4,"column":41}},"loc":{"start":{"line":4,"column":41},"end":{"line":20,"column":null}},"line":4}},"branchMap":{},"s":{"0":1,"1":1},"f":{"0":1},"b":{},"meta":{"lastBranch":0,"lastFunction":1,"lastStatement":2,"seen":{"f:4:16:4:41":0,"s:5:15:7:Infinity":0,"s:9:4:18:Infinity":1},"fnNames":{}}}
,"C:\\Users\\Dibey\\Documents\\Code projects\\form-builder\\src\\playground\\components\\FormCanvas\\FormCanvas.tsx": {"path":"C:\\Users\\Dibey\\Documents\\Code projects\\form-builder\\src\\playground\\components\\FormCanvas\\FormCanvas.tsx","statementMap":{"0":{"start":{"line":10,"column":29},"end":{"line":10,"column":null}},"1":{"start":{"line":11,"column":27},"end":{"line":11,"column":null}},"2":{"start":{"line":18,"column":4},"end":{"line":19,"column":null}},"3":{"start":{"line":21,"column":8},"end":{"line":21,"column":null}},"4":{"start":{"line":21,"column":51},"end":{"line":21,"column":66}},"5":{"start":{"line":25,"column":4},"end":{"line":26,"column":null}},"6":{"start":{"line":28,"column":2},"end":{"line":35,"column":null}},"7":{"start":{"line":29,"column":4},"end":{"line":33,"column":null}},"8":{"start":{"line":37,"column":22},"end":{"line":37,"column":null}},"9":{"start":{"line":37,"column":42},"end":{"line":37,"column":55}},"10":{"start":{"line":37,"column":94},"end":{"line":37,"column":107}},"11":{"start":{"line":38,"column":28},"end":{"line":38,"column":null}},"12":{"start":{"line":40,"column":2},"end":{"line":60,"column":null}},"13":{"start":{"line":42,"column":69},"end":{"line":42,"column":null}},"14":{"start":{"line":51,"column":14},"end":{"line":55,"column":null}}},"fnMap":{"0":{"name":"FormCanvas","decl":{"start":{"line":13,"column":16},"end":{"line":13,"column":29}},"loc":{"start":{"line":13,"column":29},"end":{"line":62,"column":null}},"line":13},"1":{"name":"(anonymous_1)","decl":{"start":{"line":21,"column":20},"end":{"line":21,"column":41}},"loc":{"start":{"line":21,"column":51},"end":{"line":21,"column":66}},"line":21},"2":{"name":"(anonymous_2)","decl":{"start":{"line":37,"column":30},"end":{"line":37,"column":35}},"loc":{"start":{"line":37,"column":42},"end":{"line":37,"column":55}},"line":37},"3":{"name":"(anonymous_3)","decl":{"start":{"line":37,"column":57},"end":{"line":37,"column":65}},"loc":{"start":{"line":37,"column":94},"end":{"line":37,"column":107}},"line":37},"4":{"name":"(anonymous_4)","decl":{"start":{"line":42,"column":27},"end":{"line":42,"column":43}},"loc":{"start":{"line":42,"column":43},"end":{"line":42,"column":48}},"line":42},"5":{"name":"(anonymous_5)","decl":{"start":{"line":42,"column":48},"end":{"line":42,"column":69}},"loc":{"start":{"line":42,"column":69},"end":{"line":42,"column":null}},"line":42},"6":{"name":"(anonymous_6)","decl":{"start":{"line":50,"column":24},"end":{"line":50,"column":29}},"loc":{"start":{"line":51,"column":14},"end":{"line":55,"column":null}},"line":51}},"branchMap":{"0":{"loc":{"start":{"line":28,"column":2},"end":{"line":35,"column":null}},"type":"if","locations":[{"start":{"line":28,"column":2},"end":{"line":35,"column":null}},{"start":{},"end":{}}],"line":28},"1":{"loc":{"start":{"line":28,"column":6},"end":{"line":28,"column":40}},"type":"binary-expr","locations":[{"start":{"line":28,"column":6},"end":{"line":28,"column":21}},{"start":{"line":28,"column":21},"end":{"line":28,"column":40}}],"line":28},"2":{"loc":{"start":{"line":38,"column":28},"end":{"line":38,"column":null}},"type":"cond-expr","locations":[{"start":{"line":38,"column":41},"end":{"line":38,"column":64}},{"start":{"line":38,"column":64},"end":{"line":38,"column":null}}],"line":38},"3":{"loc":{"start":{"line":47,"column":11},"end":{"line":56,"column":null}},"type":"cond-expr","locations":[{"start":{"line":48,"column":12},"end":{"line":50,"column":24}},{"start":{"line":50,"column":12},"end":{"line":56,"column":null}}],"line":47}},"s":{"0":1,"1":1,"2":3,"3":3,"4":9,"5":3,"6":3,"7":1,"8":2,"9":1,"10":1,"11":2,"12":3,"13":0,"14":1},"f":{"0":3,"1":9,"2":1,"3":1,"4":0,"5":0,"6":1},"b":{"0":[1,2],"1":[3,1],"2":[0,2],"3":[1,1]},"meta":{"lastBranch":4,"lastFunction":7,"lastStatement":15,"seen":{"s:10:29:10:Infinity":0,"s:11:27:11:Infinity":1,"f:13:16:13:29":0,"s:18:4:19:Infinity":2,"s:21:8:21:Infinity":3,"f:21:20:21:41":1,"s:21:51:21:66":4,"s:25:4:26:Infinity":5,"b:28:2:35:Infinity:undefined:undefined:undefined:undefined":0,"s:28:2:35:Infinity":6,"b:28:6:28:21:28:21:28:40":1,"s:29:4:33:Infinity":7,"s:37:22:37:Infinity":8,"f:37:30:37:35":2,"s:37:42:37:55":9,"f:37:57:37:65":3,"s:37:94:37:107":10,"s:38:28:38:Infinity":11,"b:38:41:38:64:38:64:38:Infinity":2,"s:40:2:60:Infinity":12,"f:42:27:42:43":4,"f:42:48:42:69":5,"s:42:69:42:Infinity":13,"b:48:12:50:24:50:12:56:Infinity":3,"f:50:24:50:29":6,"s:51:14:55:Infinity":14},"fnNames":{}}}
,"C:\\Users\\Dibey\\Documents\\Code projects\\form-builder\\src\\playground\\components\\FormCanvas\\FieldRenderer\\CanvasFieldWrapper.tsx": {"path":"C:\\Users\\Dibey\\Documents\\Code projects\\form-builder\\src\\playground\\components\\FormCanvas\\FieldRenderer\\CanvasFieldWrapper.tsx","statementMap":{"0":{"start":{"line":33,"column":4},"end":{"line":38,"column":null}},"1":{"start":{"line":47,"column":4},"end":{"line":53,"column":null}},"2":{"start":{"line":55,"column":2},"end":{"line":95,"column":null}},"3":{"start":{"line":63,"column":28},"end":{"line":63,"column":null}}},"fnMap":{"0":{"name":"CanvasFieldWrapper","decl":{"start":{"line":18,"column":16},"end":{"line":18,"column":35}},"loc":{"start":{"line":27,"column":28},"end":{"line":97,"column":null}},"line":27},"1":{"name":"(anonymous_1)","decl":{"start":{"line":63,"column":6},"end":{"line":63,"column":18}},"loc":{"start":{"line":63,"column":28},"end":{"line":63,"column":null}},"line":63}},"branchMap":{"0":{"loc":{"start":{"line":83,"column":7},"end":{"line":84,"column":null}},"type":"binary-expr","locations":[{"start":{"line":83,"column":7},"end":{"line":83,"column":null}},{"start":{"line":84,"column":8},"end":{"line":84,"column":null}}],"line":83},"1":{"loc":{"start":{"line":86,"column":7},"end":{"line":87,"column":null}},"type":"binary-expr","locations":[{"start":{"line":86,"column":7},"end":{"line":86,"column":null}},{"start":{"line":87,"column":8},"end":{"line":87,"column":null}}],"line":86},"2":{"loc":{"start":{"line":89,"column":7},"end":{"line":90,"column":null}},"type":"binary-expr","locations":[{"start":{"line":89,"column":7},"end":{"line":89,"column":null}},{"start":{"line":90,"column":8},"end":{"line":90,"column":null}}],"line":89},"3":{"loc":{"start":{"line":92,"column":7},"end":{"line":93,"column":null}},"type":"binary-expr","locations":[{"start":{"line":92,"column":7},"end":{"line":92,"column":null}},{"start":{"line":93,"column":8},"end":{"line":93,"column":null}}],"line":92}},"s":{"0":3,"1":3,"2":3,"3":0},"f":{"0":3,"1":0},"b":{"0":[3,0],"1":[3,0],"2":[3,0],"3":[3,0]},"meta":{"lastBranch":4,"lastFunction":2,"lastStatement":4,"seen":{"f:18:16:18:35":0,"s:33:4:38:Infinity":0,"s:47:4:53:Infinity":1,"s:55:2:95:Infinity":2,"f:63:6:63:18":1,"s:63:28:63:Infinity":3,"b:83:7:83:Infinity:84:8:84:Infinity":0,"b:86:7:86:Infinity:87:8:87:Infinity":1,"b:89:7:89:Infinity:90:8:90:Infinity":2,"b:92:7:92:Infinity:93:8:93:Infinity":3},"fnNames":{}}}
,"C:\\Users\\Dibey\\Documents\\Code projects\\form-builder\\src\\playground\\components\\FormCanvas\\FieldRenderer\\FieldActionToolbar.tsx": {"path":"C:\\Users\\Dibey\\Documents\\Code projects\\form-builder\\src\\playground\\components\\FormCanvas\\FieldRenderer\\FieldActionToolbar.tsx","statementMap":{"0":{"start":{"line":15,"column":4},"end":{"line":43,"column":null}}},"fnMap":{"0":{"name":"FieldActionToolbar","decl":{"start":{"line":10,"column":16},"end":{"line":10,"column":35}},"loc":{"start":{"line":14,"column":28},"end":{"line":45,"column":null}},"line":14}},"branchMap":{},"s":{"0":3},"f":{"0":3},"b":{},"meta":{"lastBranch":0,"lastFunction":1,"lastStatement":1,"seen":{"f:10:16:10:35":0,"s:15:4:43:Infinity":0},"fnNames":{}}}
,"C:\\Users\\Dibey\\Documents\\Code projects\\form-builder\\src\\playground\\constants\\edgeConstants.ts": {"path":"C:\\Users\\Dibey\\Documents\\Code projects\\form-builder\\src\\playground\\constants\\edgeConstants.ts","statementMap":{"0":{"start":{"line":3,"column":21},"end":{"line":3,"column":null}},"1":{"start":{"line":4,"column":42},"end":{"line":4,"column":null}}},"fnMap":{},"branchMap":{},"s":{"0":1,"1":1},"f":{},"b":{},"meta":{"lastBranch":0,"lastFunction":0,"lastStatement":2,"seen":{"s:3:21:3:Infinity":0,"s:4:42:4:Infinity":1},"fnNames":{}}}
,"C:\\Users\\Dibey\\Documents\\Code projects\\form-builder\\src\\playground\\hooks\\useFieldPalette.ts": {"path":"C:\\Users\\Dibey\\Documents\\Code projects\\form-builder\\src\\playground\\hooks\\useFieldPalette.ts","statementMap":{"0":{"start":{"line":6,"column":8},"end":{"line":6,"column":null}},"1":{"start":{"line":6,"column":50},"end":{"line":6,"column":64}},"2":{"start":{"line":7,"column":8},"end":{"line":7,"column":null}},"3":{"start":{"line":7,"column":50},"end":{"line":7,"column":64}},"4":{"start":{"line":8,"column":8},"end":{"line":8,"column":null}},"5":{"start":{"line":8,"column":48},"end":{"line":8,"column":60}},"6":{"start":{"line":9,"column":8},"end":{"line":9,"column":null}},"7":{"start":{"line":9,"column":57},"end":{"line":9,"column":78}},"8":{"start":{"line":10,"column":8},"end":{"line":10,"column":null}},"9":{"start":{"line":10,"column":57},"end":{"line":10,"column":78}},"10":{"start":{"line":11,"column":8},"end":{"line":11,"column":null}},"11":{"start":{"line":11,"column":55},"end":{"line":11,"column":74}},"12":{"start":{"line":12,"column":8},"end":{"line":12,"column":null}},"13":{"start":{"line":12,"column":53},"end":{"line":12,"column":70}},"14":{"start":{"line":13,"column":8},"end":{"line":13,"column":null}},"15":{"start":{"line":13,"column":55},"end":{"line":13,"column":74}},"16":{"start":{"line":14,"column":8},"end":{"line":14,"column":null}},"17":{"start":{"line":14,"column":51},"end":{"line":14,"column":66}},"18":{"start":{"line":16,"column":22},"end":{"line":16,"column":null}},"19":{"start":{"line":17,"column":34},"end":{"line":17,"column":null}},"20":{"start":{"line":19,"column":8},"end":{"line":33,"column":null}},"21":{"start":{"line":20,"column":25},"end":{"line":26,"column":null}},"22":{"start":{"line":28,"column":4},"end":{"line":32,"column":null}},"23":{"start":{"line":29,"column":6},"end":{"line":29,"column":null}},"24":{"start":{"line":31,"column":6},"end":{"line":31,"column":null}},"25":{"start":{"line":35,"column":8},"end":{"line":42,"column":null}},"26":{"start":{"line":36,"column":4},"end":{"line":41,"column":null}},"27":{"start":{"line":37,"column":6},"end":{"line":37,"column":null}},"28":{"start":{"line":37,"column":35},"end":{"line":37,"column":null}},"29":{"start":{"line":38,"column":6},"end":{"line":38,"column":null}},"30":{"start":{"line":40,"column":6},"end":{"line":40,"column":null}},"31":{"start":{"line":44,"column":8},"end":{"line":51,"column":null}},"32":{"start":{"line":45,"column":4},"end":{"line":50,"column":null}},"33":{"start":{"line":46,"column":6},"end":{"line":46,"column":null}},"34":{"start":{"line":46,"column":35},"end":{"line":46,"column":null}},"35":{"start":{"line":47,"column":6},"end":{"line":47,"column":null}},"36":{"start":{"line":49,"column":6},"end":{"line":49,"column":null}},"37":{"start":{"line":53,"column":2},"end":{"line":59,"column":null}}},"fnMap":{"0":{"name":"useFieldPalette","decl":{"start":{"line":5,"column":16},"end":{"line":5,"column":34}},"loc":{"start":{"line":5,"column":34},"end":{"line":60,"column":null}},"line":5},"1":{"name":"(anonymous_1)","decl":{"start":{"line":6,"column":19},"end":{"line":6,"column":40}},"loc":{"start":{"line":6,"column":50},"end":{"line":6,"column":64}},"line":6},"2":{"name":"(anonymous_2)","decl":{"start":{"line":7,"column":19},"end":{"line":7,"column":40}},"loc":{"start":{"line":7,"column":50},"end":{"line":7,"column":64}},"line":7},"3":{"name":"(anonymous_3)","decl":{"start":{"line":8,"column":17},"end":{"line":8,"column":38}},"loc":{"start":{"line":8,"column":48},"end":{"line":8,"column":60}},"line":8},"4":{"name":"(anonymous_4)","decl":{"start":{"line":9,"column":26},"end":{"line":9,"column":47}},"loc":{"start":{"line":9,"column":57},"end":{"line":9,"column":78}},"line":9},"5":{"name":"(anonymous_5)","decl":{"start":{"line":10,"column":26},"end":{"line":10,"column":47}},"loc":{"start":{"line":10,"column":57},"end":{"line":10,"column":78}},"line":10},"6":{"name":"(anonymous_6)","decl":{"start":{"line":11,"column":24},"end":{"line":11,"column":45}},"loc":{"start":{"line":11,"column":55},"end":{"line":11,"column":74}},"line":11},"7":{"name":"(anonymous_7)","decl":{"start":{"line":12,"column":22},"end":{"line":12,"column":43}},"loc":{"start":{"line":12,"column":53},"end":{"line":12,"column":70}},"line":12},"8":{"name":"(anonymous_8)","decl":{"start":{"line":13,"column":24},"end":{"line":13,"column":45}},"loc":{"start":{"line":13,"column":55},"end":{"line":13,"column":74}},"line":13},"9":{"name":"(anonymous_9)","decl":{"start":{"line":14,"column":20},"end":{"line":14,"column":41}},"loc":{"start":{"line":14,"column":51},"end":{"line":14,"column":66}},"line":14},"10":{"name":"(anonymous_10)","decl":{"start":{"line":19,"column":8},"end":{"line":19,"column":26}},"loc":{"start":{"line":19,"column":61},"end":{"line":33,"column":null}},"line":19},"11":{"name":"(anonymous_11)","decl":{"start":{"line":35,"column":8},"end":{"line":35,"column":31}},"loc":{"start":{"line":35,"column":31},"end":{"line":42,"column":null}},"line":35},"12":{"name":"(anonymous_12)","decl":{"start":{"line":44,"column":8},"end":{"line":44,"column":29}},"loc":{"start":{"line":44,"column":29},"end":{"line":51,"column":null}},"line":44}},"branchMap":{"0":{"loc":{"start":{"line":16,"column":22},"end":{"line":16,"column":null}},"type":"cond-expr","locations":[{"start":{"line":16,"column":22},"end":{"line":16,"column":79}},{"start":{"line":16,"column":79},"end":{"line":16,"column":null}}],"line":16},"1":{"loc":{"start":{"line":17,"column":34},"end":{"line":17,"column":null}},"type":"binary-expr","locations":[{"start":{"line":17,"column":34},"end":{"line":17,"column":49}},{"start":{"line":17,"column":49},"end":{"line":17,"column":88}},{"start":{"line":17,"column":70},"end":{"line":17,"column":null}}],"line":17},"2":{"loc":{"start":{"line":17,"column":88},"end":{"line":17,"column":116}},"type":"binary-expr","locations":[{"start":{"line":17,"column":88},"end":{"line":17,"column":111}},{"start":{"line":17,"column":111},"end":{"line":17,"column":116}}],"line":17},"3":{"loc":{"start":{"line":28,"column":4},"end":{"line":32,"column":null}},"type":"if","locations":[{"start":{"line":28,"column":4},"end":{"line":32,"column":null}},{"start":{"line":30,"column":11},"end":{"line":32,"column":null}}],"line":28},"4":{"loc":{"start":{"line":36,"column":4},"end":{"line":41,"column":null}},"type":"if","locations":[{"start":{"line":36,"column":4},"end":{"line":41,"column":null}},{"start":{"line":39,"column":11},"end":{"line":41,"column":null}}],"line":36},"5":{"loc":{"start":{"line":37,"column":6},"end":{"line":37,"column":null}},"type":"if","locations":[{"start":{"line":37,"column":6},"end":{"line":37,"column":null}},{"start":{},"end":{}}],"line":37},"6":{"loc":{"start":{"line":45,"column":4},"end":{"line":50,"column":null}},"type":"if","locations":[{"start":{"line":45,"column":4},"end":{"line":50,"column":null}},{"start":{"line":48,"column":11},"end":{"line":50,"column":null}}],"line":45},"7":{"loc":{"start":{"line":46,"column":6},"end":{"line":46,"column":null}},"type":"if","locations":[{"start":{"line":46,"column":6},"end":{"line":46,"column":null}},{"start":{},"end":{}}],"line":46}},"s":{"0":5,"1":16,"2":5,"3":16,"4":5,"5":16,"6":5,"7":16,"8":5,"9":16,"10":5,"11":16,"12":5,"13":16,"14":5,"15":16,"16":5,"17":16,"18":5,"19":5,"20":5,"21":1,"22":1,"23":0,"24":1,"25":5,"26":0,"27":0,"28":0,"29":0,"30":0,"31":5,"32":0,"33":0,"34":0,"35":0,"36":0,"37":5},"f":{"0":5,"1":16,"2":16,"3":16,"4":16,"5":16,"6":16,"7":16,"8":16,"9":16,"10":1,"11":0,"12":0},"b":{"0":[1,4],"1":[5,1,1],"2":[1,0],"3":[0,1],"4":[0,0],"5":[0,0],"6":[0,0],"7":[0,0]},"meta":{"lastBranch":8,"lastFunction":13,"lastStatement":38,"seen":{"f:5:16:5:34":0,"s:6:8:6:Infinity":0,"f:6:19:6:40":1,"s:6:50:6:64":1,"s:7:8:7:Infinity":2,"f:7:19:7:40":2,"s:7:50:7:64":3,"s:8:8:8:Infinity":4,"f:8:17:8:38":3,"s:8:48:8:60":5,"s:9:8:9:Infinity":6,"f:9:26:9:47":4,"s:9:57:9:78":7,"s:10:8:10:Infinity":8,"f:10:26:10:47":5,"s:10:57:10:78":9,"s:11:8:11:Infinity":10,"f:11:24:11:45":6,"s:11:55:11:74":11,"s:12:8:12:Infinity":12,"f:12:22:12:43":7,"s:12:53:12:70":13,"s:13:8:13:Infinity":14,"f:13:24:13:45":8,"s:13:55:13:74":15,"s:14:8:14:Infinity":16,"f:14:20:14:41":9,"s:14:51:14:66":17,"s:16:22:16:Infinity":18,"b:16:22:16:79:16:79:16:Infinity":0,"s:17:34:17:Infinity":19,"b:17:34:17:49:17:49:17:88:17:70:17:Infinity":1,"b:17:88:17:111:17:111:17:116":2,"s:19:8:33:Infinity":20,"f:19:8:19:26":10,"s:20:25:26:Infinity":21,"b:28:4:32:Infinity:30:11:32:Infinity":3,"s:28:4:32:Infinity":22,"s:29:6:29:Infinity":23,"s:31:6:31:Infinity":24,"s:35:8:42:Infinity":25,"f:35:8:35:31":11,"b:36:4:41:Infinity:39:11:41:Infinity":4,"s:36:4:41:Infinity":26,"b:37:6:37:Infinity:undefined:undefined:undefined:undefined":5,"s:37:6:37:Infinity":27,"s:37:35:37:Infinity":28,"s:38:6:38:Infinity":29,"s:40:6:40:Infinity":30,"s:44:8:51:Infinity":31,"f:44:8:44:29":12,"b:45:4:50:Infinity:48:11:50:Infinity":6,"s:45:4:50:Infinity":32,"b:46:6:46:Infinity:undefined:undefined:undefined:undefined":7,"s:46:6:46:Infinity":33,"s:46:35:46:Infinity":34,"s:47:6:47:Infinity":35,"s:49:6:49:Infinity":36,"s:53:2:59:Infinity":37},"fnNames":{}}}
,"C:\\Users\\Dibey\\Documents\\Code projects\\form-builder\\src\\playground\\hooks\\useFormCanvas.ts": {"path":"C:\\Users\\Dibey\\Documents\\Code projects\\form-builder\\src\\playground\\hooks\\useFormCanvas.ts","statementMap":{"0":{"start":{"line":9,"column":8},"end":{"line":9,"column":null}},"1":{"start":{"line":9,"column":60},"end":{"line":9,"column":73}},"2":{"start":{"line":10,"column":8},"end":{"line":10,"column":null}},"3":{"start":{"line":10,"column":53},"end":{"line":10,"column":70}},"4":{"start":{"line":11,"column":8},"end":{"line":11,"column":null}},"5":{"start":{"line":11,"column":55},"end":{"line":11,"column":74}},"6":{"start":{"line":12,"column":8},"end":{"line":12,"column":null}},"7":{"start":{"line":12,"column":54},"end":{"line":12,"column":72}},"8":{"start":{"line":13,"column":8},"end":{"line":13,"column":null}},"9":{"start":{"line":13,"column":50},"end":{"line":13,"column":64}},"10":{"start":{"line":14,"column":8},"end":{"line":14,"column":null}},"11":{"start":{"line":14,"column":56},"end":{"line":14,"column":76}},"12":{"start":{"line":15,"column":8},"end":{"line":15,"column":null}},"13":{"start":{"line":15,"column":50},"end":{"line":15,"column":64}},"14":{"start":{"line":16,"column":8},"end":{"line":16,"column":null}},"15":{"start":{"line":16,"column":57},"end":{"line":16,"column":78}},"16":{"start":{"line":17,"column":8},"end":{"line":17,"column":null}},"17":{"start":{"line":17,"column":57},"end":{"line":17,"column":78}},"18":{"start":{"line":18,"column":8},"end":{"line":18,"column":null}},"19":{"start":{"line":18,"column":55},"end":{"line":18,"column":74}},"20":{"start":{"line":19,"column":8},"end":{"line":19,"column":null}},"21":{"start":{"line":19,"column":61},"end":{"line":19,"column":86}},"22":{"start":{"line":20,"column":8},"end":{"line":20,"column":null}},"23":{"start":{"line":20,"column":65},"end":{"line":20,"column":94}},"24":{"start":{"line":21,"column":8},"end":{"line":21,"column":null}},"25":{"start":{"line":21,"column":58},"end":{"line":21,"column":80}},"26":{"start":{"line":22,"column":8},"end":{"line":22,"column":null}},"27":{"start":{"line":22,"column":61},"end":{"line":22,"column":86}},"28":{"start":{"line":23,"column":8},"end":{"line":23,"column":null}},"29":{"start":{"line":23,"column":51},"end":{"line":23,"column":66}},"30":{"start":{"line":25,"column":2},"end":{"line":64,"column":null}},"31":{"start":{"line":26,"column":4},"end":{"line":49,"column":null}},"32":{"start":{"line":28,"column":28},"end":{"line":28,"column":null}},"33":{"start":{"line":29,"column":8},"end":{"line":29,"column":null}},"34":{"start":{"line":29,"column":26},"end":{"line":29,"column":null}},"35":{"start":{"line":31,"column":8},"end":{"line":47,"column":null}},"36":{"start":{"line":66,"column":25},"end":{"line":68,"column":null}},"37":{"start":{"line":67,"column":4},"end":{"line":67,"column":null}},"38":{"start":{"line":70,"column":47},"end":{"line":70,"column":null}},"39":{"start":{"line":72,"column":2},"end":{"line":77,"column":null}}},"fnMap":{"0":{"name":"useFormCanvas","decl":{"start":{"line":8,"column":16},"end":{"line":8,"column":32}},"loc":{"start":{"line":8,"column":32},"end":{"line":78,"column":null}},"line":8},"1":{"name":"(anonymous_1)","decl":{"start":{"line":9,"column":38},"end":{"line":9,"column":50}},"loc":{"start":{"line":9,"column":60},"end":{"line":9,"column":73}},"line":9},"2":{"name":"(anonymous_2)","decl":{"start":{"line":10,"column":22},"end":{"line":10,"column":43}},"loc":{"start":{"line":10,"column":53},"end":{"line":10,"column":70}},"line":10},"3":{"name":"(anonymous_3)","decl":{"start":{"line":11,"column":24},"end":{"line":11,"column":45}},"loc":{"start":{"line":11,"column":55},"end":{"line":11,"column":74}},"line":11},"4":{"name":"(anonymous_4)","decl":{"start":{"line":12,"column":23},"end":{"line":12,"column":44}},"loc":{"start":{"line":12,"column":54},"end":{"line":12,"column":72}},"line":12},"5":{"name":"(anonymous_5)","decl":{"start":{"line":13,"column":19},"end":{"line":13,"column":40}},"loc":{"start":{"line":13,"column":50},"end":{"line":13,"column":64}},"line":13},"6":{"name":"(anonymous_6)","decl":{"start":{"line":14,"column":25},"end":{"line":14,"column":46}},"loc":{"start":{"line":14,"column":56},"end":{"line":14,"column":76}},"line":14},"7":{"name":"(anonymous_7)","decl":{"start":{"line":15,"column":19},"end":{"line":15,"column":40}},"loc":{"start":{"line":15,"column":50},"end":{"line":15,"column":64}},"line":15},"8":{"name":"(anonymous_8)","decl":{"start":{"line":16,"column":26},"end":{"line":16,"column":47}},"loc":{"start":{"line":16,"column":57},"end":{"line":16,"column":78}},"line":16},"9":{"name":"(anonymous_9)","decl":{"start":{"line":17,"column":26},"end":{"line":17,"column":47}},"loc":{"start":{"line":17,"column":57},"end":{"line":17,"column":78}},"line":17},"10":{"name":"(anonymous_10)","decl":{"start":{"line":18,"column":24},"end":{"line":18,"column":45}},"loc":{"start":{"line":18,"column":55},"end":{"line":18,"column":74}},"line":18},"11":{"name":"(anonymous_11)","decl":{"start":{"line":19,"column":30},"end":{"line":19,"column":51}},"loc":{"start":{"line":19,"column":61},"end":{"line":19,"column":86}},"line":19},"12":{"name":"(anonymous_12)","decl":{"start":{"line":20,"column":34},"end":{"line":20,"column":55}},"loc":{"start":{"line":20,"column":65},"end":{"line":20,"column":94}},"line":20},"13":{"name":"(anonymous_13)","decl":{"start":{"line":21,"column":27},"end":{"line":21,"column":48}},"loc":{"start":{"line":21,"column":58},"end":{"line":21,"column":80}},"line":21},"14":{"name":"(anonymous_14)","decl":{"start":{"line":22,"column":30},"end":{"line":22,"column":51}},"loc":{"start":{"line":22,"column":61},"end":{"line":22,"column":86}},"line":22},"15":{"name":"(anonymous_15)","decl":{"start":{"line":23,"column":20},"end":{"line":23,"column":41}},"loc":{"start":{"line":23,"column":51},"end":{"line":23,"column":66}},"line":23},"16":{"name":"(anonymous_16)","decl":{"start":{"line":25,"column":2},"end":{"line":25,"column":18}},"loc":{"start":{"line":25,"column":18},"end":{"line":50,"column":5}},"line":25},"17":{"name":"onDrop","decl":{"start":{"line":27,"column":6},"end":{"line":27,"column":13}},"loc":{"start":{"line":27,"column":35},"end":{"line":48,"column":null}},"line":27},"18":{"name":"(anonymous_18)","decl":{"start":{"line":66,"column":25},"end":{"line":66,"column":37}},"loc":{"start":{"line":66,"column":37},"end":{"line":68,"column":null}},"line":66}},"branchMap":{"0":{"loc":{"start":{"line":29,"column":8},"end":{"line":29,"column":null}},"type":"if","locations":[{"start":{"line":29,"column":8},"end":{"line":29,"column":null}},{"start":{},"end":{}}],"line":29},"1":{"loc":{"start":{"line":70,"column":47},"end":{"line":70,"column":null}},"type":"cond-expr","locations":[{"start":{"line":70,"column":61},"end":{"line":70,"column":79}},{"start":{"line":70,"column":79},"end":{"line":70,"column":null}}],"line":70}},"s":{"0":3,"1":9,"2":3,"3":9,"4":3,"5":9,"6":3,"7":9,"8":3,"9":9,"10":3,"11":9,"12":3,"13":9,"14":3,"15":9,"16":3,"17":9,"18":3,"19":9,"20":3,"21":9,"22":3,"23":9,"24":3,"25":9,"26":3,"27":9,"28":3,"29":9,"30":3,"31":3,"32":0,"33":0,"34":0,"35":0,"36":3,"37":0,"38":3,"39":3},"f":{"0":3,"1":9,"2":9,"3":9,"4":9,"5":9,"6":9,"7":9,"8":9,"9":9,"10":9,"11":9,"12":9,"13":9,"14":9,"15":9,"16":3,"17":0,"18":0},"b":{"0":[0,0],"1":[1,2]},"meta":{"lastBranch":2,"lastFunction":19,"lastStatement":40,"seen":{"f:8:16:8:32":0,"s:9:8:9:Infinity":0,"f:9:38:9:50":1,"s:9:60:9:73":1,"s:10:8:10:Infinity":2,"f:10:22:10:43":2,"s:10:53:10:70":3,"s:11:8:11:Infinity":4,"f:11:24:11:45":3,"s:11:55:11:74":5,"s:12:8:12:Infinity":6,"f:12:23:12:44":4,"s:12:54:12:72":7,"s:13:8:13:Infinity":8,"f:13:19:13:40":5,"s:13:50:13:64":9,"s:14:8:14:Infinity":10,"f:14:25:14:46":6,"s:14:56:14:76":11,"s:15:8:15:Infinity":12,"f:15:19:15:40":7,"s:15:50:15:64":13,"s:16:8:16:Infinity":14,"f:16:26:16:47":8,"s:16:57:16:78":15,"s:17:8:17:Infinity":16,"f:17:26:17:47":9,"s:17:57:17:78":17,"s:18:8:18:Infinity":18,"f:18:24:18:45":10,"s:18:55:18:74":19,"s:19:8:19:Infinity":20,"f:19:30:19:51":11,"s:19:61:19:86":21,"s:20:8:20:Infinity":22,"f:20:34:20:55":12,"s:20:65:20:94":23,"s:21:8:21:Infinity":24,"f:21:27:21:48":13,"s:21:58:21:80":25,"s:22:8:22:Infinity":26,"f:22:30:22:51":14,"s:22:61:22:86":27,"s:23:8:23:Infinity":28,"f:23:20:23:41":15,"s:23:51:23:66":29,"s:25:2:64:Infinity":30,"f:25:2:25:18":16,"s:26:4:49:Infinity":31,"f:27:6:27:13":17,"s:28:28:28:Infinity":32,"b:29:8:29:Infinity:undefined:undefined:undefined:undefined":0,"s:29:8:29:Infinity":33,"s:29:26:29:Infinity":34,"s:31:8:47:Infinity":35,"s:66:25:68:Infinity":36,"f:66:25:66:37":18,"s:67:4:67:Infinity":37,"s:70:47:70:Infinity":38,"b:70:61:70:79:70:79:70:Infinity":1,"s:72:2:77:Infinity":39},"fnNames":{}}}
,"C:\\Users\\Dibey\\Documents\\Code projects\\form-builder\\src\\playground\\hooks\\usePaletteItemDrag.ts": {"path":"C:\\Users\\Dibey\\Documents\\Code projects\\form-builder\\src\\playground\\hooks\\usePaletteItemDrag.ts","statementMap":{"0":{"start":{"line":11,"column":10},"end":{"line":11,"column":null}},"1":{"start":{"line":12,"column":23},"end":{"line":12,"column":null}},"2":{"start":{"line":14,"column":4},"end":{"line":24,"column":null}},"3":{"start":{"line":15,"column":24},"end":{"line":15,"column":null}},"4":{"start":{"line":16,"column":8},"end":{"line":16,"column":null}},"5":{"start":{"line":16,"column":34},"end":{"line":16,"column":null}},"6":{"start":{"line":18,"column":8},"end":{"line":23,"column":null}},"7":{"start":{"line":20,"column":35},"end":{"line":20,"column":null}},"8":{"start":{"line":21,"column":31},"end":{"line":21,"column":null}},"9":{"start":{"line":22,"column":26},"end":{"line":22,"column":null}},"10":{"start":{"line":26,"column":4},"end":{"line":29,"column":null}}},"fnMap":{"0":{"name":"usePaletteItemDrag","decl":{"start":{"line":10,"column":16},"end":{"line":10,"column":35}},"loc":{"start":{"line":10,"column":92},"end":{"line":30,"column":null}},"line":10},"1":{"name":"(anonymous_1)","decl":{"start":{"line":14,"column":4},"end":{"line":14,"column":20}},"loc":{"start":{"line":14,"column":20},"end":{"line":24,"column":7}},"line":14},"2":{"name":"(anonymous_2)","decl":{"start":{"line":20,"column":12},"end":{"line":20,"column":35}},"loc":{"start":{"line":20,"column":35},"end":{"line":20,"column":null}},"line":20},"3":{"name":"(anonymous_3)","decl":{"start":{"line":21,"column":12},"end":{"line":21,"column":31}},"loc":{"start":{"line":21,"column":31},"end":{"line":21,"column":null}},"line":21},"4":{"name":"(anonymous_4)","decl":{"start":{"line":22,"column":12},"end":{"line":22,"column":26}},"loc":{"start":{"line":22,"column":26},"end":{"line":22,"column":null}},"line":22}},"branchMap":{"0":{"loc":{"start":{"line":16,"column":8},"end":{"line":16,"column":null}},"type":"if","locations":[{"start":{"line":16,"column":8},"end":{"line":16,"column":null}},{"start":{},"end":{}}],"line":16},"1":{"loc":{"start":{"line":16,"column":12},"end":{"line":16,"column":34}},"type":"binary-expr","locations":[{"start":{"line":16,"column":12},"end":{"line":16,"column":24}},{"start":{"line":16,"column":24},"end":{"line":16,"column":34}}],"line":16}},"s":{"0":44,"1":44,"2":44,"3":33,"4":33,"5":2,"6":31,"7":0,"8":0,"9":0,"10":44},"f":{"0":44,"1":33,"2":0,"3":0,"4":0},"b":{"0":[2,31],"1":[33,33]},"meta":{"lastBranch":2,"lastFunction":5,"lastStatement":11,"seen":{"f:10:16:10:35":0,"s:11:10:11:Infinity":0,"s:12:23:12:Infinity":1,"s:14:4:24:Infinity":2,"f:14:4:14:20":1,"s:15:24:15:Infinity":3,"b:16:8:16:Infinity:undefined:undefined:undefined:undefined":0,"s:16:8:16:Infinity":4,"b:16:12:16:24:16:24:16:34":1,"s:16:34:16:Infinity":5,"s:18:8:23:Infinity":6,"f:20:12:20:35":2,"s:20:35:20:Infinity":7,"f:21:12:21:31":3,"s:21:31:21:Infinity":8,"f:22:12:22:26":4,"s:22:26:22:Infinity":9,"s:26:4:29:Infinity":10},"fnNames":{}}}
,"C:\\Users\\Dibey\\Documents\\Code projects\\form-builder\\src\\playground\\store\\BuilderPersistence.ts": {"path":"C:\\Users\\Dibey\\Documents\\Code projects\\form-builder\\src\\playground\\store\\BuilderPersistence.ts","statementMap":{"0":{"start":{"line":15,"column":4},"end":{"line":22,"column":null}},"1":{"start":{"line":25,"column":40},"end":{"line":28,"column":null}}},"fnMap":{"0":{"name":"partializeFormBuilderState","decl":{"start":{"line":14,"column":16},"end":{"line":14,"column":43}},"loc":{"start":{"line":14,"column":95},"end":{"line":23,"column":null}},"line":14}},"branchMap":{},"s":{"0":97,"1":4},"f":{"0":97},"b":{},"meta":{"lastBranch":0,"lastFunction":1,"lastStatement":2,"seen":{"f:14:16:14:43":0,"s:15:4:22:Infinity":0,"s:25:40:28:Infinity":1},"fnNames":{}}}
,"C:\\Users\\Dibey\\Documents\\Code projects\\form-builder\\src\\playground\\store\\CanvasItemTree.ts": {"path":"C:\\Users\\Dibey\\Documents\\Code projects\\form-builder\\src\\playground\\store\\CanvasItemTree.ts","statementMap":{"0":{"start":{"line":4,"column":4},"end":{"line":6,"column":null}},"1":{"start":{"line":5,"column":8},"end":{"line":5,"column":null}},"2":{"start":{"line":7,"column":4},"end":{"line":7,"column":null}},"3":{"start":{"line":15,"column":4},"end":{"line":20,"column":null}},"4":{"start":{"line":16,"column":8},"end":{"line":18,"column":null}},"5":{"start":{"line":17,"column":12},"end":{"line":17,"column":null}},"6":{"start":{"line":19,"column":8},"end":{"line":19,"column":null}},"7":{"start":{"line":27,"column":18},"end":{"line":27,"column":null}},"8":{"start":{"line":28,"column":21},"end":{"line":34,"column":null}},"9":{"start":{"line":29,"column":8},"end":{"line":32,"column":null}},"10":{"start":{"line":30,"column":12},"end":{"line":30,"column":null}},"11":{"start":{"line":31,"column":12},"end":{"line":31,"column":null}},"12":{"start":{"line":33,"column":8},"end":{"line":33,"column":null}},"13":{"start":{"line":36,"column":19},"end":{"line":45,"column":null}},"14":{"start":{"line":37,"column":8},"end":{"line":43,"column":null}},"15":{"start":{"line":38,"column":36},"end":{"line":38,"column":null}},"16":{"start":{"line":39,"column":12},"end":{"line":42,"column":null}},"17":{"start":{"line":40,"column":16},"end":{"line":40,"column":null}},"18":{"start":{"line":41,"column":16},"end":{"line":41,"column":null}},"19":{"start":{"line":44,"column":8},"end":{"line":44,"column":null}},"20":{"start":{"line":47,"column":4},"end":{"line":47,"column":null}},"21":{"start":{"line":55,"column":18},"end":{"line":55,"column":null}},"22":{"start":{"line":56,"column":21},"end":{"line":69,"column":null}},"23":{"start":{"line":57,"column":8},"end":{"line":60,"column":null}},"24":{"start":{"line":58,"column":12},"end":{"line":58,"column":null}},"25":{"start":{"line":59,"column":12},"end":{"line":59,"column":null}},"26":{"start":{"line":61,"column":8},"end":{"line":67,"column":null}},"27":{"start":{"line":62,"column":36},"end":{"line":62,"column":null}},"28":{"start":{"line":63,"column":12},"end":{"line":66,"column":null}},"29":{"start":{"line":64,"column":16},"end":{"line":64,"column":null}},"30":{"start":{"line":65,"column":16},"end":{"line":65,"column":null}},"31":{"start":{"line":68,"column":8},"end":{"line":68,"column":null}},"32":{"start":{"line":70,"column":4},"end":{"line":70,"column":null}},"33":{"start":{"line":78,"column":18},"end":{"line":78,"column":null}},"34":{"start":{"line":79,"column":21},"end":{"line":92,"column":null}},"35":{"start":{"line":80,"column":8},"end":{"line":83,"column":null}},"36":{"start":{"line":81,"column":12},"end":{"line":81,"column":null}},"37":{"start":{"line":82,"column":12},"end":{"line":82,"column":null}},"38":{"start":{"line":84,"column":8},"end":{"line":90,"column":null}},"39":{"start":{"line":85,"column":36},"end":{"line":85,"column":null}},"40":{"start":{"line":86,"column":12},"end":{"line":89,"column":null}},"41":{"start":{"line":87,"column":16},"end":{"line":87,"column":null}},"42":{"start":{"line":88,"column":16},"end":{"line":88,"column":null}},"43":{"start":{"line":91,"column":8},"end":{"line":91,"column":null}},"44":{"start":{"line":93,"column":4},"end":{"line":93,"column":null}},"45":{"start":{"line":105,"column":41},"end":{"line":105,"column":null}},"46":{"start":{"line":106,"column":25},"end":{"line":106,"column":null}},"47":{"start":{"line":108,"column":4},"end":{"line":113,"column":null}},"48":{"start":{"line":109,"column":8},"end":{"line":109,"column":null}},"49":{"start":{"line":110,"column":27},"end":{"line":110,"column":null}},"50":{"start":{"line":110,"column":50},"end":{"line":110,"column":65}},"51":{"start":{"line":111,"column":8},"end":{"line":111,"column":null}},"52":{"start":{"line":112,"column":8},"end":{"line":112,"column":null}},"53":{"start":{"line":115,"column":23},"end":{"line":115,"column":null}},"54":{"start":{"line":116,"column":4},"end":{"line":126,"column":null}},"55":{"start":{"line":117,"column":23},"end":{"line":117,"column":null}},"56":{"start":{"line":118,"column":8},"end":{"line":125,"column":null}},"57":{"start":{"line":119,"column":27},"end":{"line":119,"column":null}},"58":{"start":{"line":120,"column":12},"end":{"line":124,"column":null}},"59":{"start":{"line":121,"column":16},"end":{"line":121,"column":null}},"60":{"start":{"line":122,"column":16},"end":{"line":122,"column":null}},"61":{"start":{"line":123,"column":16},"end":{"line":123,"column":null}},"62":{"start":{"line":128,"column":4},"end":{"line":128,"column":null}},"63":{"start":{"line":138,"column":41},"end":{"line":138,"column":null}},"64":{"start":{"line":139,"column":21},"end":{"line":145,"column":null}},"65":{"start":{"line":140,"column":8},"end":{"line":143,"column":null}},"66":{"start":{"line":141,"column":12},"end":{"line":141,"column":null}},"67":{"start":{"line":142,"column":12},"end":{"line":142,"column":null}},"68":{"start":{"line":144,"column":8},"end":{"line":144,"column":null}},"69":{"start":{"line":147,"column":4},"end":{"line":149,"column":null}},"70":{"start":{"line":148,"column":8},"end":{"line":148,"column":null}},"71":{"start":{"line":151,"column":19},"end":{"line":160,"column":null}},"72":{"start":{"line":152,"column":8},"end":{"line":158,"column":null}},"73":{"start":{"line":153,"column":27},"end":{"line":153,"column":null}},"74":{"start":{"line":154,"column":12},"end":{"line":157,"column":null}},"75":{"start":{"line":155,"column":16},"end":{"line":155,"column":null}},"76":{"start":{"line":156,"column":16},"end":{"line":156,"column":null}},"77":{"start":{"line":159,"column":8},"end":{"line":159,"column":null}},"78":{"start":{"line":162,"column":4},"end":{"line":162,"column":null}},"79":{"start":{"line":175,"column":25},"end":{"line":175,"column":null}},"80":{"start":{"line":176,"column":18},"end":{"line":176,"column":null}},"81":{"start":{"line":178,"column":4},"end":{"line":184,"column":null}},"82":{"start":{"line":179,"column":27},"end":{"line":179,"column":null}},"83":{"start":{"line":180,"column":28},"end":{"line":180,"column":null}},"84":{"start":{"line":181,"column":8},"end":{"line":181,"column":null}},"85":{"start":{"line":182,"column":8},"end":{"line":182,"column":null}},"86":{"start":{"line":183,"column":8},"end":{"line":183,"column":null}},"87":{"start":{"line":186,"column":23},"end":{"line":186,"column":null}},"88":{"start":{"line":187,"column":4},"end":{"line":196,"column":null}},"89":{"start":{"line":188,"column":23},"end":{"line":188,"column":null}},"90":{"start":{"line":189,"column":8},"end":{"line":195,"column":null}},"91":{"start":{"line":190,"column":29},"end":{"line":190,"column":null}},"92":{"start":{"line":191,"column":12},"end":{"line":194,"column":null}},"93":{"start":{"line":192,"column":16},"end":{"line":192,"column":null}},"94":{"start":{"line":193,"column":16},"end":{"line":193,"column":null}},"95":{"start":{"line":198,"column":4},"end":{"line":198,"column":null}},"96":{"start":{"line":207,"column":18},"end":{"line":207,"column":null}},"97":{"start":{"line":208,"column":18},"end":{"line":208,"column":null}},"98":{"start":{"line":208,"column":44},"end":{"line":208,"column":64}},"99":{"start":{"line":210,"column":4},"end":{"line":215,"column":null}},"100":{"start":{"line":211,"column":25},"end":{"line":211,"column":null}},"101":{"start":{"line":212,"column":28},"end":{"line":212,"column":null}},"102":{"start":{"line":213,"column":8},"end":{"line":213,"column":null}},"103":{"start":{"line":214,"column":8},"end":{"line":214,"column":null}},"104":{"start":{"line":217,"column":19},"end":{"line":226,"column":null}},"105":{"start":{"line":218,"column":8},"end":{"line":224,"column":null}},"106":{"start":{"line":219,"column":36},"end":{"line":219,"column":null}},"107":{"start":{"line":220,"column":12},"end":{"line":223,"column":null}},"108":{"start":{"line":221,"column":16},"end":{"line":221,"column":null}},"109":{"start":{"line":222,"column":16},"end":{"line":222,"column":null}},"110":{"start":{"line":225,"column":8},"end":{"line":225,"column":null}},"111":{"start":{"line":228,"column":4},"end":{"line":228,"column":null}},"112":{"start":{"line":241,"column":25},"end":{"line":241,"column":null}},"113":{"start":{"line":244,"column":29},"end":{"line":244,"column":null}},"114":{"start":{"line":245,"column":29},"end":{"line":245,"column":null}},"115":{"start":{"line":247,"column":4},"end":{"line":260,"column":null}},"116":{"start":{"line":248,"column":39},"end":{"line":248,"column":null}},"117":{"start":{"line":249,"column":8},"end":{"line":255,"column":null}},"118":{"start":{"line":250,"column":12},"end":{"line":254,"column":null}},"119":{"start":{"line":251,"column":16},"end":{"line":251,"column":null}},"120":{"start":{"line":252,"column":19},"end":{"line":254,"column":null}},"121":{"start":{"line":253,"column":16},"end":{"line":253,"column":null}},"122":{"start":{"line":256,"column":8},"end":{"line":256,"column":null}},"123":{"start":{"line":257,"column":8},"end":{"line":257,"column":null}},"124":{"start":{"line":258,"column":8},"end":{"line":258,"column":null}},"125":{"start":{"line":259,"column":8},"end":{"line":259,"column":null}},"126":{"start":{"line":263,"column":23},"end":{"line":263,"column":null}},"127":{"start":{"line":264,"column":4},"end":{"line":273,"column":null}},"128":{"start":{"line":265,"column":23},"end":{"line":265,"column":null}},"129":{"start":{"line":266,"column":8},"end":{"line":272,"column":null}},"130":{"start":{"line":267,"column":33},"end":{"line":267,"column":null}},"131":{"start":{"line":268,"column":12},"end":{"line":271,"column":null}},"132":{"start":{"line":269,"column":16},"end":{"line":269,"column":null}},"133":{"start":{"line":270,"column":16},"end":{"line":270,"column":null}},"134":{"start":{"line":275,"column":4},"end":{"line":275,"column":null}},"135":{"start":{"line":284,"column":24},"end":{"line":284,"column":null}},"136":{"start":{"line":284,"column":50},"end":{"line":284,"column":70}},"137":{"start":{"line":285,"column":24},"end":{"line":285,"column":null}},"138":{"start":{"line":285,"column":50},"end":{"line":285,"column":70}},"139":{"start":{"line":287,"column":4},"end":{"line":298,"column":null}},"140":{"start":{"line":289,"column":56},"end":{"line":289,"column":null}},"141":{"start":{"line":290,"column":8},"end":{"line":296,"column":null}},"142":{"start":{"line":290,"column":29},"end":{"line":290,"column":32}},"143":{"start":{"line":291,"column":12},"end":{"line":295,"column":null}},"144":{"start":{"line":292,"column":16},"end":{"line":292,"column":null}},"145":{"start":{"line":293,"column":19},"end":{"line":295,"column":null}},"146":{"start":{"line":294,"column":16},"end":{"line":294,"column":null}},"147":{"start":{"line":297,"column":8},"end":{"line":297,"column":null}},"148":{"start":{"line":301,"column":18},"end":{"line":301,"column":null}},"149":{"start":{"line":302,"column":19},"end":{"line":311,"column":null}},"150":{"start":{"line":303,"column":8},"end":{"line":309,"column":null}},"151":{"start":{"line":304,"column":36},"end":{"line":304,"column":null}},"152":{"start":{"line":305,"column":12},"end":{"line":308,"column":null}},"153":{"start":{"line":306,"column":16},"end":{"line":306,"column":null}},"154":{"start":{"line":307,"column":16},"end":{"line":307,"column":null}},"155":{"start":{"line":310,"column":8},"end":{"line":310,"column":null}},"156":{"start":{"line":313,"column":4},"end":{"line":313,"column":null}}},"fnMap":{"0":{"name":"applyFieldUpdates","decl":{"start":{"line":3,"column":16},"end":{"line":3,"column":51}},"loc":{"start":{"line":3,"column":106},"end":{"line":8,"column":null}},"line":3},"1":{"name":"updateFieldInGroupItems","decl":{"start":{"line":10,"column":16},"end":{"line":10,"column":null}},"loc":{"start":{"line":14,"column":35},"end":{"line":21,"column":null}},"line":14},"2":{"name":"(anonymous_2)","decl":{"start":{"line":15,"column":17},"end":{"line":15,"column":22}},"loc":{"start":{"line":15,"column":36},"end":{"line":20,"column":5}},"line":15},"3":{"name":"removeFieldFromGroupItems","decl":{"start":{"line":23,"column":16},"end":{"line":23,"column":null}},"loc":{"start":{"line":26,"column":35},"end":{"line":48,"column":null}},"line":26},"4":{"name":"(anonymous_4)","decl":{"start":{"line":28,"column":27},"end":{"line":28,"column":35}},"loc":{"start":{"line":28,"column":44},"end":{"line":34,"column":5}},"line":28},"5":{"name":"(anonymous_5)","decl":{"start":{"line":36,"column":28},"end":{"line":36,"column":33}},"loc":{"start":{"line":36,"column":42},"end":{"line":45,"column":5}},"line":36},"6":{"name":"addItemToGroupItems","decl":{"start":{"line":50,"column":16},"end":{"line":50,"column":null}},"loc":{"start":{"line":54,"column":35},"end":{"line":71,"column":null}},"line":54},"7":{"name":"(anonymous_7)","decl":{"start":{"line":56,"column":27},"end":{"line":56,"column":32}},"loc":{"start":{"line":56,"column":41},"end":{"line":69,"column":5}},"line":56},"8":{"name":"updateGroupInGroupItems","decl":{"start":{"line":73,"column":16},"end":{"line":73,"column":null}},"loc":{"start":{"line":77,"column":35},"end":{"line":94,"column":null}},"line":77},"9":{"name":"(anonymous_9)","decl":{"start":{"line":79,"column":27},"end":{"line":79,"column":32}},"loc":{"start":{"line":79,"column":41},"end":{"line":92,"column":5}},"line":79},"10":{"name":"removeItemFromTree","decl":{"start":{"line":96,"column":16},"end":{"line":96,"column":null}},"loc":{"start":{"line":104,"column":2},"end":{"line":129,"column":null}},"line":104},"11":{"name":"(anonymous_11)","decl":{"start":{"line":110,"column":35},"end":{"line":110,"column":43}},"loc":{"start":{"line":110,"column":50},"end":{"line":110,"column":65}},"line":110},"12":{"name":"removeItemFromGroupItems","decl":{"start":{"line":131,"column":9},"end":{"line":131,"column":null}},"loc":{"start":{"line":137,"column":2},"end":{"line":163,"column":null}},"line":137},"13":{"name":"(anonymous_13)","decl":{"start":{"line":139,"column":27},"end":{"line":139,"column":35}},"loc":{"start":{"line":139,"column":44},"end":{"line":145,"column":5}},"line":139},"14":{"name":"(anonymous_14)","decl":{"start":{"line":151,"column":25},"end":{"line":151,"column":30}},"loc":{"start":{"line":151,"column":39},"end":{"line":160,"column":5}},"line":151},"15":{"name":"insertItemIntoTree","decl":{"start":{"line":165,"column":16},"end":{"line":165,"column":null}},"loc":{"start":{"line":174,"column":2},"end":{"line":199,"column":null}},"line":174},"16":{"name":"insertItemIntoGroupItems","decl":{"start":{"line":201,"column":9},"end":{"line":201,"column":null}},"loc":{"start":{"line":206,"column":35},"end":{"line":229,"column":null}},"line":206},"17":{"name":"(anonymous_17)","decl":{"start":{"line":208,"column":24},"end":{"line":208,"column":35}},"loc":{"start":{"line":208,"column":44},"end":{"line":208,"column":64}},"line":208},"18":{"name":"(anonymous_18)","decl":{"start":{"line":217,"column":25},"end":{"line":217,"column":30}},"loc":{"start":{"line":217,"column":39},"end":{"line":226,"column":5}},"line":217},"19":{"name":"mergeItemsIntoGroupInTree","decl":{"start":{"line":231,"column":16},"end":{"line":231,"column":null}},"loc":{"start":{"line":240,"column":2},"end":{"line":276,"column":null}},"line":240},"20":{"name":"mergeItemsInGroupItems","decl":{"start":{"line":278,"column":9},"end":{"line":278,"column":null}},"loc":{"start":{"line":283,"column":35},"end":{"line":314,"column":null}},"line":283},"21":{"name":"(anonymous_21)","decl":{"start":{"line":284,"column":30},"end":{"line":284,"column":41}},"loc":{"start":{"line":284,"column":50},"end":{"line":284,"column":70}},"line":284},"22":{"name":"(anonymous_22)","decl":{"start":{"line":285,"column":30},"end":{"line":285,"column":41}},"loc":{"start":{"line":285,"column":50},"end":{"line":285,"column":70}},"line":285},"23":{"name":"(anonymous_23)","decl":{"start":{"line":302,"column":25},"end":{"line":302,"column":30}},"loc":{"start":{"line":302,"column":39},"end":{"line":311,"column":5}},"line":302}},"branchMap":{"0":{"loc":{"start":{"line":4,"column":4},"end":{"line":6,"column":null}},"type":"if","locations":[{"start":{"line":4,"column":4},"end":{"line":6,"column":null}},{"start":{},"end":{}}],"line":4},"1":{"loc":{"start":{"line":16,"column":8},"end":{"line":18,"column":null}},"type":"if","locations":[{"start":{"line":16,"column":8},"end":{"line":18,"column":null}},{"start":{},"end":{}}],"line":16},"2":{"loc":{"start":{"line":29,"column":8},"end":{"line":32,"column":null}},"type":"if","locations":[{"start":{"line":29,"column":8},"end":{"line":32,"column":null}},{"start":{},"end":{}}],"line":29},"3":{"loc":{"start":{"line":37,"column":8},"end":{"line":43,"column":null}},"type":"if","locations":[{"start":{"line":37,"column":8},"end":{"line":43,"column":null}},{"start":{},"end":{}}],"line":37},"4":{"loc":{"start":{"line":39,"column":12},"end":{"line":42,"column":null}},"type":"if","locations":[{"start":{"line":39,"column":12},"end":{"line":42,"column":null}},{"start":{},"end":{}}],"line":39},"5":{"loc":{"start":{"line":47,"column":11},"end":{"line":47,"column":null}},"type":"cond-expr","locations":[{"start":{"line":47,"column":21},"end":{"line":47,"column":30}},{"start":{"line":47,"column":30},"end":{"line":47,"column":null}}],"line":47},"6":{"loc":{"start":{"line":57,"column":8},"end":{"line":60,"column":null}},"type":"if","locations":[{"start":{"line":57,"column":8},"end":{"line":60,"column":null}},{"start":{},"end":{}}],"line":57},"7":{"loc":{"start":{"line":57,"column":12},"end":{"line":57,"column":64}},"type":"binary-expr","locations":[{"start":{"line":57,"column":12},"end":{"line":57,"column":35}},{"start":{"line":57,"column":35},"end":{"line":57,"column":64}}],"line":57},"8":{"loc":{"start":{"line":61,"column":8},"end":{"line":67,"column":null}},"type":"if","locations":[{"start":{"line":61,"column":8},"end":{"line":67,"column":null}},{"start":{},"end":{}}],"line":61},"9":{"loc":{"start":{"line":63,"column":12},"end":{"line":66,"column":null}},"type":"if","locations":[{"start":{"line":63,"column":12},"end":{"line":66,"column":null}},{"start":{},"end":{}}],"line":63},"10":{"loc":{"start":{"line":70,"column":11},"end":{"line":70,"column":null}},"type":"cond-expr","locations":[{"start":{"line":70,"column":21},"end":{"line":70,"column":32}},{"start":{"line":70,"column":32},"end":{"line":70,"column":null}}],"line":70},"11":{"loc":{"start":{"line":80,"column":8},"end":{"line":83,"column":null}},"type":"if","locations":[{"start":{"line":80,"column":8},"end":{"line":83,"column":null}},{"start":{},"end":{}}],"line":80},"12":{"loc":{"start":{"line":80,"column":12},"end":{"line":80,"column":64}},"type":"binary-expr","locations":[{"start":{"line":80,"column":12},"end":{"line":80,"column":35}},{"start":{"line":80,"column":35},"end":{"line":80,"column":64}}],"line":80},"13":{"loc":{"start":{"line":84,"column":8},"end":{"line":90,"column":null}},"type":"if","locations":[{"start":{"line":84,"column":8},"end":{"line":90,"column":null}},{"start":{},"end":{}}],"line":84},"14":{"loc":{"start":{"line":86,"column":12},"end":{"line":89,"column":null}},"type":"if","locations":[{"start":{"line":86,"column":12},"end":{"line":89,"column":null}},{"start":{},"end":{}}],"line":86},"15":{"loc":{"start":{"line":93,"column":11},"end":{"line":93,"column":null}},"type":"cond-expr","locations":[{"start":{"line":93,"column":21},"end":{"line":93,"column":32}},{"start":{"line":93,"column":32},"end":{"line":93,"column":null}}],"line":93},"16":{"loc":{"start":{"line":108,"column":4},"end":{"line":113,"column":null}},"type":"if","locations":[{"start":{"line":108,"column":4},"end":{"line":113,"column":null}},{"start":{},"end":{}}],"line":108},"17":{"loc":{"start":{"line":118,"column":8},"end":{"line":125,"column":null}},"type":"if","locations":[{"start":{"line":118,"column":8},"end":{"line":125,"column":null}},{"start":{},"end":{}}],"line":118},"18":{"loc":{"start":{"line":120,"column":12},"end":{"line":124,"column":null}},"type":"if","locations":[{"start":{"line":120,"column":12},"end":{"line":124,"column":null}},{"start":{},"end":{}}],"line":120},"19":{"loc":{"start":{"line":140,"column":8},"end":{"line":143,"column":null}},"type":"if","locations":[{"start":{"line":140,"column":8},"end":{"line":143,"column":null}},{"start":{},"end":{}}],"line":140},"20":{"loc":{"start":{"line":147,"column":4},"end":{"line":149,"column":null}},"type":"if","locations":[{"start":{"line":147,"column":4},"end":{"line":149,"column":null}},{"start":{},"end":{}}],"line":147},"21":{"loc":{"start":{"line":152,"column":8},"end":{"line":158,"column":null}},"type":"if","locations":[{"start":{"line":152,"column":8},"end":{"line":158,"column":null}},{"start":{},"end":{}}],"line":152},"22":{"loc":{"start":{"line":154,"column":12},"end":{"line":157,"column":null}},"type":"if","locations":[{"start":{"line":154,"column":12},"end":{"line":157,"column":null}},{"start":{},"end":{}}],"line":154},"23":{"loc":{"start":{"line":178,"column":4},"end":{"line":184,"column":null}},"type":"if","locations":[{"start":{"line":178,"column":4},"end":{"line":184,"column":null}},{"start":{},"end":{}}],"line":178},"24":{"loc":{"start":{"line":180,"column":28},"end":{"line":180,"column":null}},"type":"cond-expr","locations":[{"start":{"line":180,"column":52},"end":{"line":180,"column":60}},{"start":{"line":180,"column":60},"end":{"line":180,"column":null}}],"line":180},"25":{"loc":{"start":{"line":189,"column":8},"end":{"line":195,"column":null}},"type":"if","locations":[{"start":{"line":189,"column":8},"end":{"line":195,"column":null}},{"start":{},"end":{}}],"line":189},"26":{"loc":{"start":{"line":191,"column":12},"end":{"line":194,"column":null}},"type":"if","locations":[{"start":{"line":191,"column":12},"end":{"line":194,"column":null}},{"start":{},"end":{}}],"line":191},"27":{"loc":{"start":{"line":210,"column":4},"end":{"line":215,"column":null}},"type":"if","locations":[{"start":{"line":210,"column":4},"end":{"line":215,"column":null}},{"start":{},"end":{}}],"line":210},"28":{"loc":{"start":{"line":212,"column":28},"end":{"line":212,"column":null}},"type":"cond-expr","locations":[{"start":{"line":212,"column":52},"end":{"line":212,"column":60}},{"start":{"line":212,"column":60},"end":{"line":212,"column":null}}],"line":212},"29":{"loc":{"start":{"line":218,"column":8},"end":{"line":224,"column":null}},"type":"if","locations":[{"start":{"line":218,"column":8},"end":{"line":224,"column":null}},{"start":{},"end":{}}],"line":218},"30":{"loc":{"start":{"line":220,"column":12},"end":{"line":223,"column":null}},"type":"if","locations":[{"start":{"line":220,"column":12},"end":{"line":223,"column":null}},{"start":{},"end":{}}],"line":220},"31":{"loc":{"start":{"line":228,"column":11},"end":{"line":228,"column":null}},"type":"cond-expr","locations":[{"start":{"line":228,"column":21},"end":{"line":228,"column":30}},{"start":{"line":228,"column":30},"end":{"line":228,"column":null}}],"line":228},"32":{"loc":{"start":{"line":247,"column":4},"end":{"line":260,"column":null}},"type":"if","locations":[{"start":{"line":247,"column":4},"end":{"line":260,"column":null}},{"start":{},"end":{}}],"line":247},"33":{"loc":{"start":{"line":247,"column":8},"end":{"line":247,"column":46}},"type":"binary-expr","locations":[{"start":{"line":247,"column":8},"end":{"line":247,"column":28}},{"start":{"line":247,"column":28},"end":{"line":247,"column":46}}],"line":247},"34":{"loc":{"start":{"line":250,"column":12},"end":{"line":254,"column":null}},"type":"if","locations":[{"start":{"line":250,"column":12},"end":{"line":254,"column":null}},{"start":{"line":252,"column":19},"end":{"line":254,"column":null}}],"line":250},"35":{"loc":{"start":{"line":252,"column":19},"end":{"line":254,"column":null}},"type":"if","locations":[{"start":{"line":252,"column":19},"end":{"line":254,"column":null}},{"start":{},"end":{}}],"line":252},"36":{"loc":{"start":{"line":266,"column":8},"end":{"line":272,"column":null}},"type":"if","locations":[{"start":{"line":266,"column":8},"end":{"line":272,"column":null}},{"start":{},"end":{}}],"line":266},"37":{"loc":{"start":{"line":268,"column":12},"end":{"line":271,"column":null}},"type":"if","locations":[{"start":{"line":268,"column":12},"end":{"line":271,"column":null}},{"start":{},"end":{}}],"line":268},"38":{"loc":{"start":{"line":287,"column":4},"end":{"line":298,"column":null}},"type":"if","locations":[{"start":{"line":287,"column":4},"end":{"line":298,"column":null}},{"start":{},"end":{}}],"line":287},"39":{"loc":{"start":{"line":287,"column":8},"end":{"line":287,"column":50}},"type":"binary-expr","locations":[{"start":{"line":287,"column":8},"end":{"line":287,"column":30}},{"start":{"line":287,"column":30},"end":{"line":287,"column":50}}],"line":287},"40":{"loc":{"start":{"line":291,"column":12},"end":{"line":295,"column":null}},"type":"if","locations":[{"start":{"line":291,"column":12},"end":{"line":295,"column":null}},{"start":{"line":293,"column":19},"end":{"line":295,"column":null}}],"line":291},"41":{"loc":{"start":{"line":293,"column":19},"end":{"line":295,"column":null}},"type":"if","locations":[{"start":{"line":293,"column":19},"end":{"line":295,"column":null}},{"start":{},"end":{}}],"line":293},"42":{"loc":{"start":{"line":303,"column":8},"end":{"line":309,"column":null}},"type":"if","locations":[{"start":{"line":303,"column":8},"end":{"line":309,"column":null}},{"start":{},"end":{}}],"line":303},"43":{"loc":{"start":{"line":305,"column":12},"end":{"line":308,"column":null}},"type":"if","locations":[{"start":{"line":305,"column":12},"end":{"line":308,"column":null}},{"start":{},"end":{}}],"line":305},"44":{"loc":{"start":{"line":313,"column":11},"end":{"line":313,"column":null}},"type":"cond-expr","locations":[{"start":{"line":313,"column":21},"end":{"line":313,"column":30}},{"start":{"line":313,"column":30},"end":{"line":313,"column":null}}],"line":313}},"s":{"0":1,"1":1,"2":0,"3":2,"4":2,"5":1,"6":1,"7":4,"8":4,"9":4,"10":2,"11":2,"12":2,"13":4,"14":2,"15":2,"16":2,"17":2,"18":2,"19":0,"20":4,"21":3,"22":3,"23":3,"24":3,"25":3,"26":0,"27":0,"28":0,"29":0,"30":0,"31":0,"32":3,"33":0,"34":0,"35":0,"36":0,"37":0,"38":0,"39":0,"40":0,"41":0,"42":0,"43":0,"44":0,"45":2,"46":2,"47":2,"48":0,"49":0,"50":0,"51":0,"52":0,"53":2,"54":2,"55":2,"56":2,"57":2,"58":2,"59":2,"60":2,"61":2,"62":2,"63":2,"64":2,"65":3,"66":2,"67":2,"68":1,"69":2,"70":2,"71":0,"72":0,"73":0,"74":0,"75":0,"76":0,"77":0,"78":0,"79":1,"80":1,"81":1,"82":0,"83":0,"84":0,"85":0,"86":0,"87":1,"88":1,"89":1,"90":1,"91":1,"92":1,"93":1,"94":1,"95":1,"96":1,"97":1,"98":1,"99":1,"100":1,"101":1,"102":1,"103":1,"104":0,"105":0,"106":0,"107":0,"108":0,"109":0,"110":0,"111":0,"112":2,"113":2,"114":2,"115":2,"116":1,"117":1,"118":2,"119":1,"120":1,"121":0,"122":1,"123":1,"124":1,"125":1,"126":1,"127":1,"128":1,"129":1,"130":1,"131":1,"132":1,"133":1,"134":0,"135":1,"136":1,"137":1,"138":2,"139":1,"140":1,"141":1,"142":1,"143":2,"144":1,"145":1,"146":0,"147":1,"148":0,"149":0,"150":0,"151":0,"152":0,"153":0,"154":0,"155":0,"156":0},"f":{"0":1,"1":2,"2":2,"3":4,"4":4,"5":2,"6":3,"7":3,"8":0,"9":0,"10":2,"11":0,"12":2,"13":3,"14":0,"15":1,"16":1,"17":1,"18":0,"19":2,"20":1,"21":1,"22":2,"23":0},"b":{"0":[1,0],"1":[1,1],"2":[2,2],"3":[2,0],"4":[2,0],"5":[4,0],"6":[3,0],"7":[3,3],"8":[0,0],"9":[0,0],"10":[3,0],"11":[0,0],"12":[0,0],"13":[0,0],"14":[0,0],"15":[0,0],"16":[0,2],"17":[2,0],"18":[2,0],"19":[2,1],"20":[2,0],"21":[0,0],"22":[0,0],"23":[0,1],"24":[0,0],"25":[1,0],"26":[1,0],"27":[1,0],"28":[0,1],"29":[0,0],"30":[0,0],"31":[0,0],"32":[1,1],"33":[2,1],"34":[1,1],"35":[0,1],"36":[1,0],"37":[1,0],"38":[1,0],"39":[1,1],"40":[1,1],"41":[0,1],"42":[0,0],"43":[0,0],"44":[0,0]},"meta":{"lastBranch":45,"lastFunction":24,"lastStatement":157,"seen":{"f:3:16:3:51":0,"b:4:4:6:Infinity:undefined:undefined:undefined:undefined":0,"s:4:4:6:Infinity":0,"s:5:8:5:Infinity":1,"s:7:4:7:Infinity":2,"f:10:16:10:Infinity":1,"s:15:4:20:Infinity":3,"f:15:17:15:22":2,"b:16:8:18:Infinity:undefined:undefined:undefined:undefined":1,"s:16:8:18:Infinity":4,"s:17:12:17:Infinity":5,"s:19:8:19:Infinity":6,"f:23:16:23:Infinity":3,"s:27:18:27:Infinity":7,"s:28:21:34:Infinity":8,"f:28:27:28:35":4,"b:29:8:32:Infinity:undefined:undefined:undefined:undefined":2,"s:29:8:32:Infinity":9,"s:30:12:30:Infinity":10,"s:31:12:31:Infinity":11,"s:33:8:33:Infinity":12,"s:36:19:45:Infinity":13,"f:36:28:36:33":5,"b:37:8:43:Infinity:undefined:undefined:undefined:undefined":3,"s:37:8:43:Infinity":14,"s:38:36:38:Infinity":15,"b:39:12:42:Infinity:undefined:undefined:undefined:undefined":4,"s:39:12:42:Infinity":16,"s:40:16:40:Infinity":17,"s:41:16:41:Infinity":18,"s:44:8:44:Infinity":19,"s:47:4:47:Infinity":20,"b:47:21:47:30:47:30:47:Infinity":5,"f:50:16:50:Infinity":6,"s:55:18:55:Infinity":21,"s:56:21:69:Infinity":22,"f:56:27:56:32":7,"b:57:8:60:Infinity:undefined:undefined:undefined:undefined":6,"s:57:8:60:Infinity":23,"b:57:12:57:35:57:35:57:64":7,"s:58:12:58:Infinity":24,"s:59:12:59:Infinity":25,"b:61:8:67:Infinity:undefined:undefined:undefined:undefined":8,"s:61:8:67:Infinity":26,"s:62:36:62:Infinity":27,"b:63:12:66:Infinity:undefined:undefined:undefined:undefined":9,"s:63:12:66:Infinity":28,"s:64:16:64:Infinity":29,"s:65:16:65:Infinity":30,"s:68:8:68:Infinity":31,"s:70:4:70:Infinity":32,"b:70:21:70:32:70:32:70:Infinity":10,"f:73:16:73:Infinity":8,"s:78:18:78:Infinity":33,"s:79:21:92:Infinity":34,"f:79:27:79:32":9,"b:80:8:83:Infinity:undefined:undefined:undefined:undefined":11,"s:80:8:83:Infinity":35,"b:80:12:80:35:80:35:80:64":12,"s:81:12:81:Infinity":36,"s:82:12:82:Infinity":37,"b:84:8:90:Infinity:undefined:undefined:undefined:undefined":13,"s:84:8:90:Infinity":38,"s:85:36:85:Infinity":39,"b:86:12:89:Infinity:undefined:undefined:undefined:undefined":14,"s:86:12:89:Infinity":40,"s:87:16:87:Infinity":41,"s:88:16:88:Infinity":42,"s:91:8:91:Infinity":43,"s:93:4:93:Infinity":44,"b:93:21:93:32:93:32:93:Infinity":15,"f:96:16:96:Infinity":10,"s:105:41:105:Infinity":45,"s:106:25:106:Infinity":46,"b:108:4:113:Infinity:undefined:undefined:undefined:undefined":16,"s:108:4:113:Infinity":47,"s:109:8:109:Infinity":48,"s:110:27:110:Infinity":49,"f:110:35:110:43":11,"s:110:50:110:65":50,"s:111:8:111:Infinity":51,"s:112:8:112:Infinity":52,"s:115:23:115:Infinity":53,"s:116:4:126:Infinity":54,"s:117:23:117:Infinity":55,"b:118:8:125:Infinity:undefined:undefined:undefined:undefined":17,"s:118:8:125:Infinity":56,"s:119:27:119:Infinity":57,"b:120:12:124:Infinity:undefined:undefined:undefined:undefined":18,"s:120:12:124:Infinity":58,"s:121:16:121:Infinity":59,"s:122:16:122:Infinity":60,"s:123:16:123:Infinity":61,"s:128:4:128:Infinity":62,"f:131:9:131:Infinity":12,"s:138:41:138:Infinity":63,"s:139:21:145:Infinity":64,"f:139:27:139:35":13,"b:140:8:143:Infinity:undefined:undefined:undefined:undefined":19,"s:140:8:143:Infinity":65,"s:141:12:141:Infinity":66,"s:142:12:142:Infinity":67,"s:144:8:144:Infinity":68,"b:147:4:149:Infinity:undefined:undefined:undefined:undefined":20,"s:147:4:149:Infinity":69,"s:148:8:148:Infinity":70,"s:151:19:160:Infinity":71,"f:151:25:151:30":14,"b:152:8:158:Infinity:undefined:undefined:undefined:undefined":21,"s:152:8:158:Infinity":72,"s:153:27:153:Infinity":73,"b:154:12:157:Infinity:undefined:undefined:undefined:undefined":22,"s:154:12:157:Infinity":74,"s:155:16:155:Infinity":75,"s:156:16:156:Infinity":76,"s:159:8:159:Infinity":77,"s:162:4:162:Infinity":78,"f:165:16:165:Infinity":15,"s:175:25:175:Infinity":79,"s:176:18:176:Infinity":80,"b:178:4:184:Infinity:undefined:undefined:undefined:undefined":23,"s:178:4:184:Infinity":81,"s:179:27:179:Infinity":82,"s:180:28:180:Infinity":83,"b:180:52:180:60:180:60:180:Infinity":24,"s:181:8:181:Infinity":84,"s:182:8:182:Infinity":85,"s:183:8:183:Infinity":86,"s:186:23:186:Infinity":87,"s:187:4:196:Infinity":88,"s:188:23:188:Infinity":89,"b:189:8:195:Infinity:undefined:undefined:undefined:undefined":25,"s:189:8:195:Infinity":90,"s:190:29:190:Infinity":91,"b:191:12:194:Infinity:undefined:undefined:undefined:undefined":26,"s:191:12:194:Infinity":92,"s:192:16:192:Infinity":93,"s:193:16:193:Infinity":94,"s:198:4:198:Infinity":95,"f:201:9:201:Infinity":16,"s:207:18:207:Infinity":96,"s:208:18:208:Infinity":97,"f:208:24:208:35":17,"s:208:44:208:64":98,"b:210:4:215:Infinity:undefined:undefined:undefined:undefined":27,"s:210:4:215:Infinity":99,"s:211:25:211:Infinity":100,"s:212:28:212:Infinity":101,"b:212:52:212:60:212:60:212:Infinity":28,"s:213:8:213:Infinity":102,"s:214:8:214:Infinity":103,"s:217:19:226:Infinity":104,"f:217:25:217:30":18,"b:218:8:224:Infinity:undefined:undefined:undefined:undefined":29,"s:218:8:224:Infinity":105,"s:219:36:219:Infinity":106,"b:220:12:223:Infinity:undefined:undefined:undefined:undefined":30,"s:220:12:223:Infinity":107,"s:221:16:221:Infinity":108,"s:222:16:222:Infinity":109,"s:225:8:225:Infinity":110,"s:228:4:228:Infinity":111,"b:228:21:228:30:228:30:228:Infinity":31,"f:231:16:231:Infinity":19,"s:241:25:241:Infinity":112,"s:244:29:244:Infinity":113,"s:245:29:245:Infinity":114,"b:247:4:260:Infinity:undefined:undefined:undefined:undefined":32,"s:247:4:260:Infinity":115,"b:247:8:247:28:247:28:247:46":33,"s:248:39:248:Infinity":116,"s:249:8:255:Infinity":117,"b:250:12:254:Infinity:252:19:254:Infinity":34,"s:250:12:254:Infinity":118,"s:251:16:251:Infinity":119,"b:252:19:254:Infinity:undefined:undefined:undefined:undefined":35,"s:252:19:254:Infinity":120,"s:253:16:253:Infinity":121,"s:256:8:256:Infinity":122,"s:257:8:257:Infinity":123,"s:258:8:258:Infinity":124,"s:259:8:259:Infinity":125,"s:263:23:263:Infinity":126,"s:264:4:273:Infinity":127,"s:265:23:265:Infinity":128,"b:266:8:272:Infinity:undefined:undefined:undefined:undefined":36,"s:266:8:272:Infinity":129,"s:267:33:267:Infinity":130,"b:268:12:271:Infinity:undefined:undefined:undefined:undefined":37,"s:268:12:271:Infinity":131,"s:269:16:269:Infinity":132,"s:270:16:270:Infinity":133,"s:275:4:275:Infinity":134,"f:278:9:278:Infinity":20,"s:284:24:284:Infinity":135,"f:284:30:284:41":21,"s:284:50:284:70":136,"s:285:24:285:Infinity":137,"f:285:30:285:41":22,"s:285:50:285:70":138,"b:287:4:298:Infinity:undefined:undefined:undefined:undefined":38,"s:287:4:298:Infinity":139,"b:287:8:287:30:287:30:287:50":39,"s:289:56:289:Infinity":140,"s:290:8:296:Infinity":141,"s:290:29:290:32":142,"b:291:12:295:Infinity:293:19:295:Infinity":40,"s:291:12:295:Infinity":143,"s:292:16:292:Infinity":144,"b:293:19:295:Infinity:undefined:undefined:undefined:undefined":41,"s:293:19:295:Infinity":145,"s:294:16:294:Infinity":146,"s:297:8:297:Infinity":147,"s:301:18:301:Infinity":148,"s:302:19:311:Infinity":149,"f:302:25:302:30":23,"b:303:8:309:Infinity:undefined:undefined:undefined:undefined":42,"s:303:8:309:Infinity":150,"s:304:36:304:Infinity":151,"b:305:12:308:Infinity:undefined:undefined:undefined:undefined":43,"s:305:12:308:Infinity":152,"s:306:16:306:Infinity":153,"s:307:16:307:Infinity":154,"s:310:8:310:Infinity":155,"s:31
[...]
,"C:\\Users\\Dibey\\Documents\\Code projects\\form-builder\\src\\playground\\utils\\handleCanvasDrop.ts": {"path":"C:\\Users\\Dibey\\Documents\\Code projects\\form-builder\\src\\playground\\utils\\handleCanvasDrop.ts","statementMap":{"0":{"start":{"line":19,"column":24},"end":{"line":19,"column":null}},"1":{"start":{"line":20,"column":23},"end":{"line":20,"column":null}},"2":{"start":{"line":46,"column":24},"end":{"line":46,"column":null}},"3":{"start":{"line":48,"column":4},"end":{"line":55,"column":null}},"4":{"start":{"line":49,"column":8},"end":{"line":53,"column":null}},"5":{"start":{"line":50,"column":12},"end":{"line":50,"column":null}},"6":{"start":{"line":52,"column":12},"end":{"line":52,"column":null}},"7":{"start":{"line":54,"column":8},"end":{"line":54,"column":null}},"8":{"start":{"line":57,"column":33},"end":{"line":63,"column":null}},"9":{"start":{"line":65,"column":4},"end":{"line":69,"column":null}},"10":{"start":{"line":66,"column":8},"end":{"line":66,"column":null}},"11":{"start":{"line":67,"column":11},"end":{"line":69,"column":null}},"12":{"start":{"line":68,"column":8},"end":{"line":68,"column":null}},"13":{"start":{"line":78,"column":18},"end":{"line":82,"column":null}},"14":{"start":{"line":84,"column":4},"end":{"line":93,"column":null}},"15":{"start":{"line":85,"column":8},"end":{"line":85,"column":null}},"16":{"start":{"line":86,"column":11},"end":{"line":93,"column":null}},"17":{"start":{"line":87,"column":8},"end":{"line":87,"column":null}},"18":{"start":{"line":88,"column":11},"end":{"line":93,"column":null}},"19":{"start":{"line":89,"column":36},"end":{"line":89,"column":null}},"20":{"start":{"line":90,"column":8},"end":{"line":90,"column":null}},"21":{"start":{"line":91,"column":11},"end":{"line":93,"column":null}},"22":{"start":{"line":92,"column":8},"end":{"line":92,"column":null}},"23":{"start":{"line":102,"column":4},"end":{"line":106,"column":null}},"24":{"start":{"line":103,"column":8},"end":{"line":103,"column":null}},"25":{"start":{"line":105,"column":8},"end":{"line":105,"column":null}},"26":{"start":{"line":117,"column":4},"end":{"line":117,"column":null}},"27":{"start":{"line":117,"column":19},"end":{"line":117,"column":null}},"28":{"start":{"line":119,"column":4},"end":{"line":122,"column":null}},"29":{"start":{"line":120,"column":8},"end":{"line":120,"column":null}},"30":{"start":{"line":121,"column":8},"end":{"line":121,"column":null}},"31":{"start":{"line":124,"column":4},"end":{"line":127,"column":null}},"32":{"start":{"line":125,"column":8},"end":{"line":125,"column":null}},"33":{"start":{"line":126,"column":8},"end":{"line":126,"column":null}},"34":{"start":{"line":129,"column":4},"end":{"line":129,"column":null}},"35":{"start":{"line":139,"column":21},"end":{"line":139,"column":null}},"36":{"start":{"line":140,"column":10},"end":{"line":140,"column":null}},"37":{"start":{"line":141,"column":21},"end":{"line":141,"column":null}},"38":{"start":{"line":142,"column":23},"end":{"line":142,"column":null}},"39":{"start":{"line":144,"column":4},"end":{"line":146,"column":null}},"40":{"start":{"line":145,"column":8},"end":{"line":145,"column":null}},"41":{"start":{"line":148,"column":4},"end":{"line":150,"column":null}},"42":{"start":{"line":149,"column":8},"end":{"line":149,"column":null}},"43":{"start":{"line":152,"column":4},"end":{"line":155,"column":null}},"44":{"start":{"line":153,"column":8},"end":{"line":153,"column":null}},"45":{"start":{"line":154,"column":8},"end":{"line":154,"column":null}},"46":{"start":{"line":157,"column":4},"end":{"line":159,"column":null}},"47":{"start":{"line":158,"column":8},"end":{"line":158,"column":null}},"48":{"start":{"line":161,"column":4},"end":{"line":164,"column":null}},"49":{"start":{"line":162,"column":8},"end":{"line":162,"column":null}},"50":{"start":{"line":163,"column":8},"end":{"line":163,"column":null}},"51":{"start":{"line":166,"column":4},"end":{"line":168,"column":null}},"52":{"start":{"line":167,"column":8},"end":{"line":167,"column":null}},"53":{"start":{"line":188,"column":10},"end":{"line":188,"column":null}},"54":{"start":{"line":189,"column":33},"end":{"line":189,"column":null}},"55":{"start":{"line":191,"column":4},"end":{"line":213,"column":null}},"56":{"start":{"line":192,"column":8},"end":{"line":211,"column":null}},"57":{"start":{"line":193,"column":12},"end":{"line":198,"column":null}},"58":{"start":{"line":200,"column":12},"end":{"line":210,"column":null}},"59":{"start":{"line":212,"column":8},"end":{"line":212,"column":null}},"60":{"start":{"line":215,"column":4},"end":{"line":226,"column":null}},"61":{"start":{"line":216,"column":8},"end":{"line":225,"column":null}}},"fnMap":{"0":{"name":"handlePaletteLayoutDrop","decl":{"start":{"line":40,"column":9},"end":{"line":40,"column":null}},"loc":{"start":{"line":45,"column":2},"end":{"line":70,"column":null}},"line":45},"1":{"name":"handlePaletteFieldDrop","decl":{"start":{"line":72,"column":9},"end":{"line":72,"column":null}},"loc":{"start":{"line":77,"column":2},"end":{"line":94,"column":null}},"line":77},"2":{"name":"handleGroupDestinationDrop","decl":{"start":{"line":96,"column":9},"end":{"line":96,"column":null}},"loc":{"start":{"line":101,"column":2},"end":{"line":107,"column":null}},"line":101},"3":{"name":"tryTargetSpecificDrop","decl":{"start":{"line":109,"column":9},"end":{"line":109,"column":null}},"loc":{"start":{"line":116,"column":11},"end":{"line":130,"column":null}},"line":116},"4":{"name":"handleCanvasSourceDrop","decl":{"start":{"line":132,"column":9},"end":{"line":132,"column":null}},"loc":{"start":{"line":138,"column":2},"end":{"line":169,"column":null}},"line":138},"5":{"name":"handleCanvasDrop","decl":{"start":{"line":171,"column":16},"end":{"line":171,"column":33}},"loc":{"start":{"line":187,"column":31},"end":{"line":227,"column":null}},"line":187}},"branchMap":{"0":{"loc":{"start":{"line":48,"column":4},"end":{"line":55,"column":null}},"type":"if","locations":[{"start":{"line":48,"column":4},"end":{"line":55,"column":null}},{"start":{},"end":{}}],"line":48},"1":{"loc":{"start":{"line":49,"column":8},"end":{"line":53,"column":null}},"type":"if","locations":[{"start":{"line":49,"column":8},"end":{"line":53,"column":null}},{"start":{"line":51,"column":15},"end":{"line":53,"column":null}}],"line":49},"2":{"loc":{"start":{"line":60,"column":15},"end":{"line":60,"column":null}},"type":"cond-expr","locations":[{"start":{"line":60,"column":29},"end":{"line":60,"column":34}},{"start":{"line":60,"column":34},"end":{"line":60,"column":null}}],"line":60},"3":{"loc":{"start":{"line":61,"column":12},"end":{"line":61,"column":null}},"type":"cond-expr","locations":[{"start":{"line":61,"column":26},"end":{"line":61,"column":57}},{"start":{"line":61,"column":57},"end":{"line":61,"column":null}}],"line":61},"4":{"loc":{"start":{"line":65,"column":4},"end":{"line":69,"column":null}},"type":"if","locations":[{"start":{"line":65,"column":4},"end":{"line":69,"column":null}},{"start":{"line":67,"column":11},"end":{"line":69,"column":null}}],"line":65},"5":{"loc":{"start":{"line":67,"column":11},"end":{"line":69,"column":null}},"type":"if","locations":[{"start":{"line":67,"column":11},"end":{"line":69,"column":null}},{"start":{},"end":{}}],"line":67},"6":{"loc":{"start":{"line":84,"column":4},"end":{"line":93,"column":null}},"type":"if","locations":[{"start":{"line":84,"column":4},"end":{"line":93,"column":null}},{"start":{"line":86,"column":11},"end":{"line":93,"column":null}}],"line":84},"7":{"loc":{"start":{"line":84,"column":4},"end":{"line":84,"column":69}},"type":"binary-expr","locations":[{"start":{"line":84,"column":9},"end":{"line":84,"column":28}},{"start":{"line":84,"column":28},"end":{"line":84,"column":49}},{"start":{"line":84,"column":49},"end":{"line":84,"column":69}}],"line":84},"8":{"loc":{"start":{"line":86,"column":11},"end":{"line":93,"column":null}},"type":"if","locations":[{"start":{"line":86,"column":11},"end":{"line":93,"column":null}},{"start":{"line":88,"column":11},"end":{"line":93,"column":null}}],"line":86},"9":{"loc":{"start":{"line":88,"column":11},"end":{"line":93,"column":null}},"type":"if","locations":[{"start":{"line":88,"column":11},"end":{"line":93,"column":null}},{"start":{"line":91,"column":11},"end":{"line":93,"column":null}}],"line":88},"10":{"loc":{"start":{"line":91,"column":11},"end":{"line":93,"column":null}},"type":"if","locations":[{"start":{"line":91,"column":11},"end":{"line":93,"column":null}},{"start":{},"end":{}}],"line":91},"11":{"loc":{"start":{"line":102,"column":4},"end":{"line":106,"column":null}},"type":"if","locations":[{"start":{"line":102,"column":4},"end":{"line":106,"column":null}},{"start":{"line":104,"column":11},"end":{"line":106,"column":null}}],"line":102},"12":{"loc":{"start":{"line":117,"column":4},"end":{"line":117,"column":null}},"type":"if","locations":[{"start":{"line":117,"column":4},"end":{"line":117,"column":null}},{"start":{},"end":{}}],"line":117},"13":{"loc":{"start":{"line":119,"column":4},"end":{"line":122,"column":null}},"type":"if","locations":[{"start":{"line":119,"column":4},"end":{"line":122,"column":null}},{"start":{},"end":{}}],"line":119},"14":{"loc":{"start":{"line":119,"column":8},"end":{"line":119,"column":82}},"type":"binary-expr","locations":[{"start":{"line":119,"column":8},"end":{"line":119,"column":46}},{"start":{"line":119,"column":46},"end":{"line":119,"column":82}}],"line":119},"15":{"loc":{"start":{"line":124,"column":4},"end":{"line":127,"column":null}},"type":"if","locations":[{"start":{"line":124,"column":4},"end":{"line":127,"column":null}},{"start":{},"end":{}}],"line":124},"16":{"loc":{"start":{"line":124,"column":4},"end":{"line":124,"column":111}},"type":"binary-expr","locations":[{"start":{"line":124,"column":9},"end":{"line":124,"column":28}},{"start":{"line":124,"column":28},"end":{"line":124,"column":49}},{"start":{"line":124,"column":49},"end":{"line":124,"column":81}},{"start":{"line":124,"column":81},"end":{"line":124,"column":111}}],"line":124},"17":{"loc":{"start":{"line":142,"column":23},"end":{"line":142,"column":null}},"type":"cond-expr","locations":[{"start":{"line":142,"column":23},"end":{"line":142,"column":70}},{"start":{"line":142,"column":70},"end":{"line":142,"column":null}}],"line":142},"18":{"loc":{"start":{"line":144,"column":4},"end":{"line":146,"column":null}},"type":"if","locations":[{"start":{"line":144,"column":4},"end":{"line":146,"column":null}},{"start":{},"end":{}}],"line":144},"19":{"loc":{"start":{"line":144,"column":8},"end":{"line":144,"column":71}},"type":"binary-expr","locations":[{"start":{"line":144,"column":8},"end":{"line":144,"column":20}},{"start":{"line":144,"column":8},"end":{"line":144,"column":71}}],"line":144},"20":{"loc":{"start":{"line":148,"column":4},"end":{"line":150,"column":null}},"type":"if","locations":[{"start":{"line":148,"column":4},"end":{"line":150,"column":null}},{"start":{},"end":{}}],"line":148},"21":{"loc":{"start":{"line":148,"column":8},"end":{"line":148,"column":101}},"type":"binary-expr","locations":[{"start":{"line":148,"column":8},"end":{"line":148,"column":35}},{"start":{"line":148,"column":24},"end":{"line":148,"column":101}}],"line":148},"22":{"loc":{"start":{"line":152,"column":4},"end":{"line":155,"column":null}},"type":"if","locations":[{"start":{"line":152,"column":4},"end":{"line":155,"column":null}},{"start":{},"end":{}}],"line":152},"23":{"loc":{"start":{"line":157,"column":4},"end":{"line":159,"column":null}},"type":"if","locations":[{"start":{"line":157,"column":4},"end":{"line":159,"column":null}},{"start":{},"end":{}}],"line":157},"24":{"loc":{"start":{"line":161,"column":4},"end":{"line":164,"column":null}},"type":"if","locations":[{"start":{"line":161,"column":4},"end":{"line":164,"column":null}},{"start":{},"end":{}}],"line":161},"25":{"loc":{"start":{"line":161,"column":8},"end":{"line":161,"column":26}},"type":"binary-expr","locations":[{"start":{"line":161,"column":8},"end":{"line":161,"column":20}},{"start":{"line":161,"column":20},"end":{"line":161,"column":26}}],"line":161},"26":{"loc":{"start":{"line":166,"column":4},"end":{"line":168,"column":null}},"type":"if","locations":[{"start":{"line":166,"column":4},"end":{"line":168,"column":null}},{"start":{},"end":{}}],"line":166},"27":{"loc":{"start":{"line":191,"column":4},"end":{"line":213,"column":null}},"type":"if","locations":[{"start":{"line":191,"column":4},"end":{"line":213,"column":null}},{"start":{},"end":{}}],"line":191},"28":{"loc":{"start":{"line":192,"column":8},"end":{"line":211,"column":null}},"type":"if","locations":[{"start":{"line":192,"column":8},"end":{"line":211,"column":null}},{"start":{"line":199,"column":15},"end":{"line":211,"column":null}}],"line":192},"29":{"loc":{"start":{"line":192,"column":12},"end":{"line":192,"column":83}},"type":"binary-expr","locations":[{"start":{"line":192,"column":12},"end":{"line":192,"column":49}},{"start":{"line":192,"column":49},"end":{"line":192,"column":83}}],"line":192},"30":{"loc":{"start":{"line":215,"column":4},"end":{"line":226,"column":null}},"type":"if","locations":[{"start":{"line":215,"column":4},"end":{"line":226,"column":null}},{"start":{},"end":{}}],"line":215}},"s":{"0":2,"1":2,"2":4,"3":4,"4":2,"5":1,"6":1,"7":2,"8":2,"9":4,"10":1,"11":1,"12":1,"13":4,"14":4,"15":1,"16":3,"17":1,"18":2,"19":1,"20":1,"21":1,"22":1,"23":2,"24":1,"25":1,"26":3,"27":1,"28":2,"29":1,"30":1,"31":1,"32":1,"33":1,"34":0,"35":5,"36":5,"37":5,"38":5,"39":5,"40":0,"41":5,"42":0,"43":5,"44":2,"45":2,"46":3,"47":2,"48":1,"49":0,"50":0,"51":1,"52":1,"53":13,"54":13,"55":13,"56":8,"57":4,"58":4,"59":8,"60":5,"61":5},"f":{"0":4,"1":4,"2":2,"3":3,"4":5,"5":13},"b":{"0":[2,2],"1":[1,1],"2":[1,1],"3":[1,1],"4":[1,1],"5":[1,0],"6":[1,3],"7":[4,3,1],"8":[1,2],"9":[1,1],"10":[1,0],"11":[1,1],"12":[1,2],"13":[1,1],"14":[2,1],"15":[1,0],"16":[1,1,1,1],"17":[2,3],"18":[0,5],"19":[5,2],"20":[0,5],"21":[5,2],"22":[2,3],"23":[2,1],"24":[0,1],"25":[1,0],"26":[1,0],"27":[8,5],"28":[4,4],"29":[8,6],"30":[5,0]},"meta":{"lastBranch":31,"lastFunction":6,"lastStatement":62,"seen":{"s:19:24:19:Infinity":0,"s:20:23:20:Infinity":1,"f:40:9:40:Infinity":0,"s:46:24:46:Infinity":2,"b:48:4:55:Infinity:undefined:undefined:undefined:undefined":0,"s:48:4:55:Infinity":3,"b:49:8:53:Infinity:51:15:53:Infinity":1,"s:49:8:53:Infinity":4,"s:50:12:50:Infinity":5,"s:52:12:52:Infinity":6,"s:54:8:54:Infinity":7,"s:57:33:63:Infinity":8,"b:60:29:60:34:60:34:60:Infinity":2,"b:61:26:61:57:61:57:61:Infinity":3,"b:65:4:69:Infinity:67:11:69:Infinity":4,"s:65:4:69:Infinity":9,"s:66:8:66:Infinity":10,"b:67:11:69:Infinity:undefined:undefined:undefined:undefined":5,"s:67:11:69:Infinity":11,"s:68:8:68:Infinity":12,"f:72:9:72:Infinity":1,"s:78:18:82:Infinity":13,"b:84:4:93:Infinity:86:11:93:Infinity":6,"s:84:4:93:Infinity":14,"b:84:9:84:28:84:28:84:49:84:49:84:69":7,"s:85:8:85:Infinity":15,"b:86:11:93:Infinity:88:11:93:Infinity":8,"s:86:11:93:Infinity":16,"s:87:8:87:Infinity":17,"b:88:11:93:Infinity:91:11:93:Infinity":9,"s:88:11:93:Infinity":18,"s:89:36:89:Infinity":19,"s:90:8:90:Infinity":20,"b:91:11:93:Infinity:undefined:undefined:undefined:undefined":10,"s:91:11:93:Infinity":21,"s:92:8:92:Infinity":22,"f:96:9:96:Infinity":2,"b:102:4:106:Infinity:104:11:106:Infinity":11,"s:102:4:106:Infinity":23,"s:103:8:103:Infinity":24,"s:105:8:105:Infinity":25,"f:109:9:109:Infinity":3,"b:117:4:117:Infinity:undefined:undefined:undefined:undefined":12,"s:117:4:117:Infinity":26,"s:117:19:117:Infinity":27,"b:119:4:122:Infinity:undefined:undefined:undefined:undefined":13,"s:119:4:122:Infinity":28,"b:119:8:119:46:119:46:119:82":14,"s:120:8:120:Infinity":29,"s:121:8:121:Infinity":30,"b:124:4:127:Infinity:undefined:undefined:undefined:undefined":15,"s:124:4:127:Infinity":31,"b:124:9:124:28:124:28:124:49:124:49:124:81:124:81:124:111":16,"s:125:8:125:Infinity":32,"s:126:8:126:Infinity":33,"s:129:4:129:Infinity":34,"f:132:9:132:Infinity":4,"s:139:21:139:Infinity":35,"s:140:10:140:Infinity":36,"s:141:21:141:Infinity":37,"s:142:23:142:Infinity":38,"b:142:23:142:70:142:70:142:Infinity":17,"b:144:4:146:Infinity:undefined:undefined:undefined:undefined":18,"s:144:4:146:Infinity":39,"b:144:8:144:20:144:8:144:71":19,"s:145:8:145:Infinity":40,"b:148:4:150:Infinity:undefined:undefined:undefined:undefined":20,"s:148:4:150:Infinity":41,"b:148:8:148:35:148:24:148:101":21,"s:149:8:149:Infinity":42,"b:152:4:155:Infinity:undefined:undefined:undefined:undefined":22,"s:152:4:155:Infinity":43,"s:153:8:153:Infinity":44,"s:154:8:154:Infinity":45,"b:157:4:159:Infinity:undefined:undefined:undefined:undefined":23,"s:157:4:159:Infinity":46,"s:158:8:158:Infinity":47,"b:161:4:164:Infinity:undefined:undefined:undefined:undefined":24,"s:161:4:164:Infinity":48,"b:161:8:161:20:161:20:161:26":25,"s:162:8:162:Infinity":49,"s:163:8:163:Infinity":50,"b:166:4:168:Infinity:undefined:undefined:undefined:undefined":26,"s:166:4:168:Infinity":51,"s:167:8:167:Infinity":52,"f:171:16:171:33":5,"s:188:10:188:Infinity":53,"s:189:33:189:Infinity":54,"b:191:4:213:Infinity:undefined:undefined:undefined:undefined":27,"s:191:4:213:Infinity":55,"b:192:8:211:Infinity:199:15:211:Infinity":28,"s:192:8:211:Infinity":56,"b:192:12:192:49:192:49:192:83":29,"s:193:12:198:Infinity":57,"s:200:12:210:Infinity":58,"s:212:8:212:Infinity":59,"b:215:4:226:Infinity:undefined:undefined:undefined:undefined":30,"s:215:4:226:Infinity":60,"s:216:8:225:Infinity":61},"fnNames":{}}}
,"C:\\Users\\Dibey\\Documents\\Code projects\\form-builder\\src\\utils\\file.ts": {"path":"C:\\Users\\Dibey\\Documents\\Code projects\\form-builder\\src\\utils\\file.ts","statementMap":{"0":{"start":{"line":1,"column":13},"end":{"line":7,"column":null}},"1":{"start":{"line":2,"column":4},"end":{"line":2,"column":null}},"2":{"start":{"line":2,"column":21},"end":{"line":2,"column":null}},"3":{"start":{"line":3,"column":14},"end":{"line":3,"column":null}},"4":{"start":{"line":4,"column":18},"end":{"line":4,"column":null}},"5":{"start":{"line":5,"column":14},"end":{"line":5,"column":null}},"6":{"start":{"line":6,"column":4},"end":{"line":6,"column":null}},"7":{"start":{"line":9,"column":13},"end":{"line":12,"column":null}},"8":{"start":{"line":10,"column":26},"end":{"line":10,"column":null}},"9":{"start":{"line":11,"column":4},"end":{"line":11,"column":null}}},"fnMap":{"0":{"name":"(anonymous_0)","decl":{"start":{"line":1,"column":13},"end":{"line":1,"column":31}},"loc":{"start":{"line":1,"column":57},"end":{"line":7,"column":null}},"line":1},"1":{"name":"(anonymous_1)","decl":{"start":{"line":9,"column":13},"end":{"line":9,"column":32}},"loc":{"start":{"line":9,"column":56},"end":{"line":12,"column":null}},"line":9}},"branchMap":{"0":{"loc":{"start":{"line":2,"column":4},"end":{"line":2,"column":null}},"type":"if","locations":[{"start":{"line":2,"column":4},"end":{"line":2,"column":null}},{"start":{},"end":{}}],"line":2}},"s":{"0":1,"1":4,"2":1,"3":3,"4":3,"5":3,"6":3,"7":1,"8":2,"9":2},"f":{"0":4,"1":2},"b":{"0":[1,3]},"meta":{"lastBranch":1,"lastFunction":2,"lastStatement":10,"seen":{"s:1:13:7:Infinity":0,"f:1:13:1:31":0,"b:2:4:2:Infinity:undefined:undefined:undefined:undefined":0,"s:2:4:2:Infinity":1,"s:2:21:2:Infinity":2,"s:3:14:3:Infinity":3,"s:4:18:4:Infinity":4,"s:5:14:5:Infinity":5,"s:6:4:6:Infinity":6,"s:9:13:12:Infinity":7,"f:9:13:9:32":1,"s:10:26:10:Infinity":8,"s:11:4:11:Infinity":9},"fnNames":{}}}
}
